{"/Users/andread/Desktop/Github projects/store-api/app.ts": {"path":"/Users/andread/Desktop/Github projects/store-api/app.ts","statementMap":{"0":{"start":{"line":1,"column":0},"end":{"line":1,"column":30}},"1":{"start":{"line":2,"column":0},"end":{"line":2,"column":24}},"2":{"start":{"line":4,"column":0},"end":{"line":4,"column":null}},"3":{"start":{"line":19,"column":12},"end":{"line":19,"column":21}},"4":{"start":{"line":21,"column":0},"end":{"line":21,"column":16}},"5":{"start":{"line":22,"column":0},"end":{"line":22,"column":24}},"6":{"start":{"line":24,"column":0},"end":{"line":24,"column":41}},"7":{"start":{"line":25,"column":0},"end":{"line":25,"column":34}},"8":{"start":{"line":26,"column":0},"end":{"line":26,"column":41}},"9":{"start":{"line":27,"column":0},"end":{"line":27,"column":37}},"10":{"start":{"line":28,"column":0},"end":{"line":28,"column":39}},"11":{"start":{"line":29,"column":0},"end":{"line":29,"column":36}},"12":{"start":{"line":30,"column":0},"end":{"line":30,"column":36}},"13":{"start":{"line":31,"column":0},"end":{"line":31,"column":40}},"14":{"start":{"line":32,"column":0},"end":{"line":32,"column":48}},"15":{"start":{"line":33,"column":0},"end":{"line":33,"column":54}},"16":{"start":{"line":34,"column":0},"end":{"line":34,"column":34}},"17":{"start":{"line":35,"column":0},"end":{"line":35,"column":43}},"18":{"start":{"line":38,"column":0},"end":{"line":43,"column":3}},"19":{"start":{"line":39,"column":2},"end":{"line":39,"column":27}},"20":{"start":{"line":40,"column":21},"end":{"line":40,"column":42}},"21":{"start":{"line":41,"column":18},"end":{"line":41,"column":56}},"22":{"start":{"line":42,"column":2},"end":{"line":42,"column":72}},"23":{"start":{"line":45,"column":0},"end":{"line":45,"column":19}}},"fnMap":{"0":{"name":"(anonymous_1)","decl":{"start":{"line":38,"column":8},"end":{"line":38,"column":9}},"loc":{"start":{"line":38,"column":94},"end":{"line":43,"column":1}}}},"branchMap":{"0":{"loc":{"start":{"line":40,"column":21},"end":{"line":40,"column":42}},"type":"binary-expr","locations":[{"start":{"line":40,"column":21},"end":{"line":40,"column":35}},{"start":{"line":40,"column":39},"end":{"line":40,"column":42}}]},"1":{"loc":{"start":{"line":41,"column":18},"end":{"line":41,"column":56}},"type":"binary-expr","locations":[{"start":{"line":41,"column":18},"end":{"line":41,"column":29}},{"start":{"line":41,"column":33},"end":{"line":41,"column":56}}]}},"s":{"0":4,"1":4,"2":4,"3":4,"4":4,"5":4,"6":4,"7":4,"8":4,"9":4,"10":4,"11":4,"12":4,"13":4,"14":4,"15":4,"16":4,"17":4,"18":4,"19":5,"20":5,"21":5,"22":5,"23":4},"f":{"0":5},"b":{"0":[5,1],"1":[5,0]}}
,"/Users/andread/Desktop/Github projects/store-api/controllers/addressController.ts": {"path":"/Users/andread/Desktop/Github projects/store-api/controllers/addressController.ts","statementMap":{"0":{"start":{"line":2,"column":0},"end":{"line":2,"column":32}},"1":{"start":{"line":3,"column":0},"end":{"line":3,"column":40}},"2":{"start":{"line":4,"column":0},"end":{"line":4,"column":58}},"3":{"start":{"line":6,"column":28},"end":{"line":13,"column":1}},"4":{"start":{"line":7,"column":4},"end":{"line":12,"column":5}},"5":{"start":{"line":8,"column":26},"end":{"line":8,"column":46}},"6":{"start":{"line":9,"column":8},"end":{"line":9,"column":40}},"7":{"start":{"line":11,"column":8},"end":{"line":11,"column":20}},"8":{"start":{"line":6,"column":13},"end":{"line":6,"column":28}},"9":{"start":{"line":15,"column":35},"end":{"line":23,"column":1}},"10":{"start":{"line":16,"column":4},"end":{"line":22,"column":5}},"11":{"start":{"line":17,"column":27},"end":{"line":17,"column":37}},"12":{"start":{"line":18,"column":26},"end":{"line":18,"column":72}},"13":{"start":{"line":19,"column":8},"end":{"line":19,"column":40}},"14":{"start":{"line":21,"column":8},"end":{"line":21,"column":20}},"15":{"start":{"line":15,"column":13},"end":{"line":15,"column":35}},"16":{"start":{"line":25,"column":29},"end":{"line":66,"column":1}},"17":{"start":{"line":26,"column":4},"end":{"line":65,"column":5}},"18":{"start":{"line":27,"column":23},"end":{"line":27,"column":33}},"19":{"start":{"line":29,"column":8},"end":{"line":31,"column":9}},"20":{"start":{"line":30,"column":12},"end":{"line":30,"column":67}},"21":{"start":{"line":33,"column":53},"end":{"line":33,"column":55}},"22":{"start":{"line":34,"column":30},"end":{"line":44,"column":10}},"23":{"start":{"line":46,"column":8},"end":{"line":50,"column":11}},"24":{"start":{"line":47,"column":12},"end":{"line":49,"column":13}},"25":{"start":{"line":48,"column":16},"end":{"line":48,"column":54}},"26":{"start":{"line":52,"column":31},"end":{"line":55,"column":null}},"27":{"start":{"line":58,"column":8},"end":{"line":60,"column":9}},"28":{"start":{"line":59,"column":12},"end":{"line":59,"column":63}},"29":{"start":{"line":62,"column":8},"end":{"line":62,"column":58}},"30":{"start":{"line":64,"column":8},"end":{"line":64,"column":20}},"31":{"start":{"line":25,"column":13},"end":{"line":25,"column":29}},"32":{"start":{"line":68,"column":26},"end":{"line":82,"column":1}},"33":{"start":{"line":69,"column":4},"end":{"line":81,"column":5}},"34":{"start":{"line":70,"column":93},"end":{"line":70,"column":101}},"35":{"start":{"line":72,"column":24},"end":{"line":74,"column":10}},"36":{"start":{"line":76,"column":8},"end":{"line":76,"column":29}},"37":{"start":{"line":78,"column":8},"end":{"line":78,"column":42}},"38":{"start":{"line":80,"column":8},"end":{"line":80,"column":20}},"39":{"start":{"line":68,"column":13},"end":{"line":68,"column":26}},"40":{"start":{"line":84,"column":29},"end":{"line":101,"column":1}},"41":{"start":{"line":85,"column":4},"end":{"line":100,"column":5}},"42":{"start":{"line":86,"column":23},"end":{"line":86,"column":33}},"43":{"start":{"line":88,"column":8},"end":{"line":90,"column":9}},"44":{"start":{"line":89,"column":12},"end":{"line":89,"column":70}},"45":{"start":{"line":92,"column":31},"end":{"line":92,"column":66}},"46":{"start":{"line":93,"column":8},"end":{"line":95,"column":9}},"47":{"start":{"line":94,"column":12},"end":{"line":94,"column":63}},"48":{"start":{"line":97,"column":8},"end":{"line":97,"column":48}},"49":{"start":{"line":99,"column":8},"end":{"line":99,"column":20}},"50":{"start":{"line":84,"column":13},"end":{"line":84,"column":29}}},"fnMap":{"0":{"name":"(anonymous_1)","decl":{"start":{"line":6,"column":28},"end":{"line":6,"column":33}},"loc":{"start":{"line":6,"column":86},"end":{"line":13,"column":1}}},"1":{"name":"(anonymous_2)","decl":{"start":{"line":15,"column":35},"end":{"line":15,"column":40}},"loc":{"start":{"line":15,"column":93},"end":{"line":23,"column":1}}},"2":{"name":"(anonymous_3)","decl":{"start":{"line":25,"column":29},"end":{"line":25,"column":34}},"loc":{"start":{"line":25,"column":87},"end":{"line":66,"column":1}}},"3":{"name":"(anonymous_4)","decl":{"start":{"line":46,"column":30},"end":{"line":46,"column":35}},"loc":{"start":{"line":46,"column":38},"end":{"line":50,"column":9}}},"4":{"name":"(anonymous_5)","decl":{"start":{"line":68,"column":26},"end":{"line":68,"column":31}},"loc":{"start":{"line":68,"column":84},"end":{"line":82,"column":1}}},"5":{"name":"(anonymous_6)","decl":{"start":{"line":84,"column":29},"end":{"line":84,"column":34}},"loc":{"start":{"line":84,"column":87},"end":{"line":101,"column":1}}}},"branchMap":{"0":{"loc":{"start":{"line":29,"column":8},"end":{"line":31,"column":9}},"type":"if","locations":[{"start":{"line":29,"column":8},"end":{"line":31,"column":9}},{"start":{},"end":{}}]},"1":{"loc":{"start":{"line":47,"column":12},"end":{"line":49,"column":13}},"type":"if","locations":[{"start":{"line":47,"column":12},"end":{"line":49,"column":13}},{"start":{},"end":{}}]},"2":{"loc":{"start":{"line":58,"column":8},"end":{"line":60,"column":9}},"type":"if","locations":[{"start":{"line":58,"column":8},"end":{"line":60,"column":9}},{"start":{},"end":{}}]},"3":{"loc":{"start":{"line":88,"column":8},"end":{"line":90,"column":9}},"type":"if","locations":[{"start":{"line":88,"column":8},"end":{"line":90,"column":9}},{"start":{},"end":{}}]},"4":{"loc":{"start":{"line":93,"column":8},"end":{"line":95,"column":9}},"type":"if","locations":[{"start":{"line":93,"column":8},"end":{"line":95,"column":9}},{"start":{},"end":{}}]}},"s":{"0":4,"1":4,"2":4,"3":4,"4":1,"5":1,"6":1,"7":0,"8":4,"9":4,"10":1,"11":1,"12":1,"13":1,"14":0,"15":4,"16":4,"17":2,"18":2,"19":2,"20":1,"21":1,"22":1,"23":1,"24":9,"25":1,"26":1,"27":1,"28":0,"29":1,"30":1,"31":4,"32":4,"33":1,"34":1,"35":1,"36":1,"37":1,"38":0,"39":4,"40":4,"41":2,"42":2,"43":2,"44":1,"45":1,"46":1,"47":0,"48":1,"49":1,"50":4},"f":{"0":1,"1":1,"2":2,"3":9,"4":1,"5":2},"b":{"0":[1,1],"1":[1,8],"2":[0,1],"3":[1,1],"4":[0,1]}}
,"/Users/andread/Desktop/Github projects/store-api/controllers/analyticsController.ts": {"path":"/Users/andread/Desktop/Github projects/store-api/controllers/analyticsController.ts","statementMap":{"0":{"start":{"line":2,"column":0},"end":{"line":2,"column":48}},"1":{"start":{"line":3,"column":0},"end":{"line":3,"column":40}},"2":{"start":{"line":4,"column":0},"end":{"line":4,"column":32}},"3":{"start":{"line":6,"column":37},"end":{"line":46,"column":1}},"4":{"start":{"line":7,"column":4},"end":{"line":45,"column":5}},"5":{"start":{"line":8,"column":31},"end":{"line":8,"column":40}},"6":{"start":{"line":9,"column":31},"end":{"line":9,"column":127}},"7":{"start":{"line":12,"column":29},"end":{"line":22,"column":10}},"8":{"start":{"line":25,"column":27},"end":{"line":25,"column":90}},"9":{"start":{"line":25,"column":52},"end":{"line":25,"column":89}},"10":{"start":{"line":26,"column":25},"end":{"line":29,"column":10}},"11":{"start":{"line":32,"column":34},"end":{"line":40,"column":42}},"12":{"start":{"line":34,"column":32},"end":{"line":34,"column":101}},"13":{"start":{"line":34,"column":52},"end":{"line":34,"column":100}},"14":{"start":{"line":35,"column":16},"end":{"line":38,"column":25}},"15":{"start":{"line":40,"column":28},"end":{"line":40,"column":41}},"16":{"start":{"line":42,"column":8},"end":{"line":42,"column":48}},"17":{"start":{"line":44,"column":8},"end":{"line":44,"column":20}},"18":{"start":{"line":6,"column":13},"end":{"line":6,"column":37}}},"fnMap":{"0":{"name":"(anonymous_1)","decl":{"start":{"line":6,"column":37},"end":{"line":6,"column":42}},"loc":{"start":{"line":6,"column":95},"end":{"line":46,"column":1}}},"1":{"name":"(anonymous_2)","decl":{"start":{"line":25,"column":44},"end":{"line":25,"column":48}},"loc":{"start":{"line":25,"column":52},"end":{"line":25,"column":89}}},"2":{"name":"(anonymous_3)","decl":{"start":{"line":33,"column":17},"end":{"line":33,"column":21}},"loc":{"start":{"line":33,"column":24},"end":{"line":39,"column":13}}},"3":{"name":"(anonymous_4)","decl":{"start":{"line":34,"column":46},"end":{"line":34,"column":47}},"loc":{"start":{"line":34,"column":52},"end":{"line":34,"column":100}}},"4":{"name":"(anonymous_5)","decl":{"start":{"line":40,"column":20},"end":{"line":40,"column":24}},"loc":{"start":{"line":40,"column":28},"end":{"line":40,"column":41}}}},"branchMap":{"0":{"loc":{"start":{"line":9,"column":31},"end":{"line":9,"column":127}},"type":"cond-expr","locations":[{"start":{"line":9,"column":44},"end":{"line":9,"column":122}},{"start":{"line":9,"column":125},"end":{"line":9,"column":127}}]},"1":{"loc":{"start":{"line":9,"column":65},"end":{"line":9,"column":118}},"type":"cond-expr","locations":[{"start":{"line":9,"column":93},"end":{"line":9,"column":103}},{"start":{"line":9,"column":106},"end":{"line":9,"column":118}}]},"2":{"loc":{"start":{"line":35,"column":23},"end":{"line":38,"column":24}},"type":"cond-expr","locations":[{"start":{"line":35,"column":33},"end":{"line":38,"column":18}},{"start":{"line":38,"column":20},"end":{"line":38,"column":24}}]}},"s":{"0":4,"1":4,"2":4,"3":4,"4":3,"5":3,"6":3,"7":3,"8":3,"9":6,"10":3,"11":3,"12":6,"13":7,"14":6,"15":6,"16":3,"17":0,"18":4},"f":{"0":3,"1":6,"2":6,"3":7,"4":6},"b":{"0":[2,1],"1":[0,2],"2":[4,2]}}
,"/Users/andread/Desktop/Github projects/store-api/controllers/authController.ts": {"path":"/Users/andread/Desktop/Github projects/store-api/controllers/authController.ts","statementMap":{"0":{"start":{"line":1,"column":15},"end":{"line":1,"column":32}},"1":{"start":{"line":3,"column":0},"end":{"line":3,"column":31}},"2":{"start":{"line":5,"column":0},"end":{"line":5,"column":34}},"3":{"start":{"line":6,"column":0},"end":{"line":6,"column":45}},"4":{"start":{"line":8,"column":21},"end":{"line":38,"column":1}},"5":{"start":{"line":9,"column":4},"end":{"line":37,"column":5}},"6":{"start":{"line":10,"column":36},"end":{"line":10,"column":44}},"7":{"start":{"line":13,"column":21},"end":{"line":13,"column":50}},"8":{"start":{"line":14,"column":8},"end":{"line":16,"column":9}},"9":{"start":{"line":15,"column":12},"end":{"line":15,"column":68}},"10":{"start":{"line":19,"column":24},"end":{"line":19,"column":69}},"11":{"start":{"line":20,"column":8},"end":{"line":22,"column":9}},"12":{"start":{"line":21,"column":12},"end":{"line":21,"column":68}},"13":{"start":{"line":25,"column":22},"end":{"line":28,"column":null}},"14":{"start":{"line":32,"column":56},"end":{"line":32,"column":71}},"15":{"start":{"line":34,"column":8},"end":{"line":34,"column":67}},"16":{"start":{"line":36,"column":8},"end":{"line":36,"column":20}},"17":{"start":{"line":8,"column":13},"end":{"line":8,"column":21}}},"fnMap":{"0":{"name":"(anonymous_1)","decl":{"start":{"line":8,"column":21},"end":{"line":8,"column":26}},"loc":{"start":{"line":8,"column":78},"end":{"line":38,"column":1}}}},"branchMap":{"0":{"loc":{"start":{"line":14,"column":8},"end":{"line":16,"column":9}},"type":"if","locations":[{"start":{"line":14,"column":8},"end":{"line":16,"column":9}},{"start":{},"end":{}}]},"1":{"loc":{"start":{"line":20,"column":8},"end":{"line":22,"column":9}},"type":"if","locations":[{"start":{"line":20,"column":8},"end":{"line":22,"column":9}},{"start":{},"end":{}}]}},"s":{"0":4,"1":4,"2":4,"3":4,"4":4,"5":3,"6":3,"7":3,"8":3,"9":1,"10":2,"11":2,"12":1,"13":1,"14":1,"15":1,"16":2,"17":4},"f":{"0":3},"b":{"0":[1,2],"1":[1,1]}}
,"/Users/andread/Desktop/Github projects/store-api/controllers/categoryController.ts": {"path":"/Users/andread/Desktop/Github projects/store-api/controllers/categoryController.ts","statementMap":{"0":{"start":{"line":3,"column":0},"end":{"line":3,"column":42}},"1":{"start":{"line":5,"column":29},"end":{"line":12,"column":1}},"2":{"start":{"line":6,"column":4},"end":{"line":11,"column":5}},"3":{"start":{"line":7,"column":27},"end":{"line":7,"column":48}},"4":{"start":{"line":8,"column":8},"end":{"line":8,"column":29}},"5":{"start":{"line":10,"column":8},"end":{"line":10,"column":20}},"6":{"start":{"line":5,"column":13},"end":{"line":5,"column":29}},"7":{"start":{"line":14,"column":33},"end":{"line":22,"column":1}},"8":{"start":{"line":15,"column":4},"end":{"line":21,"column":5}},"9":{"start":{"line":16,"column":23},"end":{"line":16,"column":33}},"10":{"start":{"line":17,"column":25},"end":{"line":17,"column":52}},"11":{"start":{"line":18,"column":8},"end":{"line":18,"column":27}},"12":{"start":{"line":20,"column":8},"end":{"line":20,"column":20}},"13":{"start":{"line":14,"column":13},"end":{"line":14,"column":33}}},"fnMap":{"0":{"name":"(anonymous_1)","decl":{"start":{"line":5,"column":29},"end":{"line":5,"column":34}},"loc":{"start":{"line":5,"column":87},"end":{"line":12,"column":1}}},"1":{"name":"(anonymous_2)","decl":{"start":{"line":14,"column":33},"end":{"line":14,"column":38}},"loc":{"start":{"line":14,"column":91},"end":{"line":22,"column":1}}}},"branchMap":{},"s":{"0":4,"1":4,"2":1,"3":1,"4":1,"5":0,"6":4,"7":4,"8":3,"9":3,"10":3,"11":2,"12":1,"13":4},"f":{"0":1,"1":3},"b":{}}
,"/Users/andread/Desktop/Github projects/store-api/controllers/customController.ts": {"path":"/Users/andread/Desktop/Github projects/store-api/controllers/customController.ts","statementMap":{"0":{"start":{"line":2,"column":0},"end":{"line":2,"column":38}},"1":{"start":{"line":4,"column":25},"end":{"line":13,"column":1}},"2":{"start":{"line":5,"column":4},"end":{"line":12,"column":5}},"3":{"start":{"line":6,"column":25},"end":{"line":6,"column":34}},"4":{"start":{"line":7,"column":22},"end":{"line":7,"column":42}},"5":{"start":{"line":8,"column":23},"end":{"line":8,"column":47}},"6":{"start":{"line":9,"column":8},"end":{"line":9,"column":25}},"7":{"start":{"line":11,"column":8},"end":{"line":11,"column":20}},"8":{"start":{"line":4,"column":13},"end":{"line":4,"column":25}},"9":{"start":{"line":15,"column":28},"end":{"line":39,"column":1}},"10":{"start":{"line":16,"column":4},"end":{"line":38,"column":5}},"11":{"start":{"line":17,"column":25},"end":{"line":17,"column":35}},"12":{"start":{"line":18,"column":41},"end":{"line":18,"column":49}},"13":{"start":{"line":20,"column":8},"end":{"line":22,"column":9}},"14":{"start":{"line":21,"column":12},"end":{"line":21,"column":118}},"15":{"start":{"line":24,"column":34},"end":{"line":24,"column":36}},"16":{"start":{"line":25,"column":8},"end":{"line":25,"column":46}},"17":{"start":{"line":25,"column":19},"end":{"line":25,"column":46}},"18":{"start":{"line":26,"column":8},"end":{"line":26,"column":43}},"19":{"start":{"line":26,"column":18},"end":{"line":26,"column":43}},"20":{"start":{"line":27,"column":8},"end":{"line":27,"column":52}},"21":{"start":{"line":27,"column":21},"end":{"line":27,"column":52}},"22":{"start":{"line":29,"column":34},"end":{"line":32,"column":null}},"23":{"start":{"line":35,"column":8},"end":{"line":35,"column":36}},"24":{"start":{"line":37,"column":8},"end":{"line":37,"column":20}},"25":{"start":{"line":15,"column":13},"end":{"line":15,"column":28}}},"fnMap":{"0":{"name":"(anonymous_1)","decl":{"start":{"line":4,"column":25},"end":{"line":4,"column":30}},"loc":{"start":{"line":4,"column":83},"end":{"line":13,"column":1}}},"1":{"name":"(anonymous_2)","decl":{"start":{"line":15,"column":28},"end":{"line":15,"column":33}},"loc":{"start":{"line":15,"column":86},"end":{"line":39,"column":1}}}},"branchMap":{"0":{"loc":{"start":{"line":7,"column":22},"end":{"line":7,"column":42}},"type":"cond-expr","locations":[{"start":{"line":7,"column":29},"end":{"line":7,"column":37}},{"start":{"line":7,"column":40},"end":{"line":7,"column":42}}]},"1":{"loc":{"start":{"line":20,"column":8},"end":{"line":22,"column":9}},"type":"if","locations":[{"start":{"line":20,"column":8},"end":{"line":22,"column":9}},{"start":{},"end":{}}]},"2":{"loc":{"start":{"line":20,"column":12},"end":{"line":20,"column":50}},"type":"binary-expr","locations":[{"start":{"line":20,"column":12},"end":{"line":20,"column":17}},{"start":{"line":20,"column":22},"end":{"line":20,"column":28}},{"start":{"line":20,"column":32},"end":{"line":20,"column":37}},{"start":{"line":20,"column":41},"end":{"line":20,"column":49}}]},"3":{"loc":{"start":{"line":25,"column":8},"end":{"line":25,"column":46}},"type":"if","locations":[{"start":{"line":25,"column":8},"end":{"line":25,"column":46}},{"start":{},"end":{}}]},"4":{"loc":{"start":{"line":26,"column":8},"end":{"line":26,"column":43}},"type":"if","locations":[{"start":{"line":26,"column":8},"end":{"line":26,"column":43}},{"start":{},"end":{}}]},"5":{"loc":{"start":{"line":27,"column":8},"end":{"line":27,"column":52}},"type":"if","locations":[{"start":{"line":27,"column":8},"end":{"line":27,"column":52}},{"start":{},"end":{}}]}},"s":{"0":4,"1":4,"2":0,"3":0,"4":0,"5":0,"6":0,"7":0,"8":4,"9":4,"10":0,"11":0,"12":0,"13":0,"14":0,"15":0,"16":0,"17":0,"18":0,"19":0,"20":0,"21":0,"22":0,"23":0,"24":0,"25":4},"f":{"0":0,"1":0},"b":{"0":[0,0],"1":[0,0],"2":[0,0,0,0],"3":[0,0],"4":[0,0],"5":[0,0]}}
,"/Users/andread/Desktop/Github projects/store-api/controllers/generalController.ts": {"path":"/Users/andread/Desktop/Github projects/store-api/controllers/generalController.ts","statementMap":{"0":{"start":{"line":3,"column":0},"end":{"line":3,"column":36}},"1":{"start":{"line":5,"column":31},"end":{"line":12,"column":1}},"2":{"start":{"line":6,"column":4},"end":{"line":11,"column":5}},"3":{"start":{"line":7,"column":22},"end":{"line":7,"column":57}},"4":{"start":{"line":8,"column":8},"end":{"line":8,"column":24}},"5":{"start":{"line":10,"column":8},"end":{"line":10,"column":20}},"6":{"start":{"line":5,"column":13},"end":{"line":5,"column":31}},"7":{"start":{"line":14,"column":32},"end":{"line":21,"column":1}},"8":{"start":{"line":15,"column":4},"end":{"line":20,"column":5}},"9":{"start":{"line":16,"column":22},"end":{"line":16,"column":57}},"10":{"start":{"line":17,"column":8},"end":{"line":17,"column":24}},"11":{"start":{"line":19,"column":8},"end":{"line":19,"column":20}},"12":{"start":{"line":14,"column":13},"end":{"line":14,"column":32}}},"fnMap":{"0":{"name":"(anonymous_1)","decl":{"start":{"line":5,"column":31},"end":{"line":5,"column":36}},"loc":{"start":{"line":5,"column":89},"end":{"line":12,"column":1}}},"1":{"name":"(anonymous_2)","decl":{"start":{"line":14,"column":32},"end":{"line":14,"column":37}},"loc":{"start":{"line":14,"column":90},"end":{"line":21,"column":1}}}},"branchMap":{},"s":{"0":4,"1":4,"2":0,"3":0,"4":0,"5":0,"6":4,"7":4,"8":0,"9":0,"10":0,"11":0,"12":4},"f":{"0":0,"1":0},"b":{}}
,"/Users/andread/Desktop/Github projects/store-api/controllers/imageController.ts": {"path":"/Users/andread/Desktop/Github projects/store-api/controllers/imageController.ts","statementMap":{"0":{"start":{"line":2,"column":0},"end":{"line":2,"column":93}},"1":{"start":{"line":3,"column":0},"end":{"line":3,"column":43}},"2":{"start":{"line":5,"column":21},"end":{"line":5,"column":50}},"3":{"start":{"line":6,"column":29},"end":{"line":6,"column":58}},"4":{"start":{"line":8,"column":17},"end":{"line":10,"column":2}},"5":{"start":{"line":20,"column":19},"end":{"line":26,"column":6}},"6":{"start":{"line":28,"column":4},"end":{"line":36,"column":5}},"7":{"start":{"line":29,"column":24},"end":{"line":29,"column":52}},"8":{"start":{"line":30,"column":8},"end":{"line":30,"column":37}},"9":{"start":{"line":32,"column":8},"end":{"line":32,"column":119}},"10":{"start":{"line":34,"column":8},"end":{"line":34,"column":58}},"11":{"start":{"line":35,"column":8},"end":{"line":35,"column":20}},"12":{"start":{"line":39,"column":24},"end":{"line":51,"column":1}},"13":{"start":{"line":40,"column":4},"end":{"line":50,"column":5}},"14":{"start":{"line":41,"column":8},"end":{"line":43,"column":9}},"15":{"start":{"line":42,"column":12},"end":{"line":42,"column":72}},"16":{"start":{"line":45,"column":25},"end":{"line":45,"column":77}},"17":{"start":{"line":47,"column":8},"end":{"line":47,"column":56}},"18":{"start":{"line":49,"column":8},"end":{"line":49,"column":20}},"19":{"start":{"line":39,"column":13},"end":{"line":39,"column":24}},"20":{"start":{"line":54,"column":23},"end":{"line":54,"column":55}},"21":{"start":{"line":56,"column":33},"end":{"line":61,"column":6}},"22":{"start":{"line":63,"column":4},"end":{"line":72,"column":5}},"23":{"start":{"line":64,"column":28},"end":{"line":64,"column":61}},"24":{"start":{"line":65,"column":8},"end":{"line":65,"column":41}},"25":{"start":{"line":67,"column":8},"end":{"line":67,"column":85}},"26":{"start":{"line":69,"column":8},"end":{"line":69,"column":127}},"27":{"start":{"line":71,"column":8},"end":{"line":71,"column":20}},"28":{"start":{"line":76,"column":23},"end":{"line":76,"column":49}},"29":{"start":{"line":78,"column":25},"end":{"line":81,"column":6}},"30":{"start":{"line":83,"column":4},"end":{"line":90,"column":5}},"31":{"start":{"line":84,"column":30},"end":{"line":84,"column":67}},"32":{"start":{"line":85,"column":8},"end":{"line":85,"column":43}},"33":{"start":{"line":87,"column":8},"end":{"line":87,"column":66}},"34":{"start":{"line":89,"column":8},"end":{"line":89,"column":20}},"35":{"start":{"line":93,"column":31},"end":{"line":107,"column":1}},"36":{"start":{"line":94,"column":4},"end":{"line":106,"column":5}},"37":{"start":{"line":95,"column":55},"end":{"line":95,"column":63}},"38":{"start":{"line":97,"column":8},"end":{"line":99,"column":9}},"39":{"start":{"line":98,"column":12},"end":{"line":98,"column":120}},"40":{"start":{"line":101,"column":25},"end":{"line":101,"column":86}},"41":{"start":{"line":103,"column":8},"end":{"line":103,"column":56}},"42":{"start":{"line":105,"column":8},"end":{"line":105,"column":20}},"43":{"start":{"line":93,"column":13},"end":{"line":93,"column":31}},"44":{"start":{"line":109,"column":31},"end":{"line":123,"column":1}},"45":{"start":{"line":110,"column":4},"end":{"line":122,"column":5}},"46":{"start":{"line":111,"column":42},"end":{"line":111,"column":50}},"47":{"start":{"line":113,"column":8},"end":{"line":115,"column":9}},"48":{"start":{"line":114,"column":12},"end":{"line":114,"column":115}},"49":{"start":{"line":117,"column":8},"end":{"line":117,"column":58}},"50":{"start":{"line":119,"column":8},"end":{"line":119,"column":93}},"51":{"start":{"line":121,"column":8},"end":{"line":121,"column":20}},"52":{"start":{"line":109,"column":13},"end":{"line":109,"column":31}}},"fnMap":{"0":{"name":"uploadImageToS3","decl":{"start":{"line":19,"column":15},"end":{"line":19,"column":30}},"loc":{"start":{"line":19,"column":60},"end":{"line":37,"column":1}}},"1":{"name":"(anonymous_1)","decl":{"start":{"line":39,"column":24},"end":{"line":39,"column":29}},"loc":{"start":{"line":39,"column":82},"end":{"line":51,"column":1}}},"2":{"name":"updateImageNameInS3","decl":{"start":{"line":53,"column":15},"end":{"line":53,"column":34}},"loc":{"start":{"line":53,"column":93},"end":{"line":73,"column":1}}},"3":{"name":"deleteOldImageFromS3","decl":{"start":{"line":75,"column":15},"end":{"line":75,"column":35}},"loc":{"start":{"line":75,"column":72},"end":{"line":91,"column":1}}},"4":{"name":"(anonymous_4)","decl":{"start":{"line":93,"column":31},"end":{"line":93,"column":36}},"loc":{"start":{"line":93,"column":89},"end":{"line":107,"column":1}}},"5":{"name":"(anonymous_5)","decl":{"start":{"line":109,"column":31},"end":{"line":109,"column":36}},"loc":{"start":{"line":109,"column":89},"end":{"line":123,"column":1}}}},"branchMap":{"0":{"loc":{"start":{"line":41,"column":8},"end":{"line":43,"column":9}},"type":"if","locations":[{"start":{"line":41,"column":8},"end":{"line":43,"column":9}},{"start":{},"end":{}}]},"1":{"loc":{"start":{"line":54,"column":23},"end":{"line":54,"column":55}},"type":"binary-expr","locations":[{"start":{"line":54,"column":23},"end":{"line":54,"column":49}},{"start":{"line":54,"column":53},"end":{"line":54,"column":55}}]},"2":{"loc":{"start":{"line":97,"column":8},"end":{"line":99,"column":9}},"type":"if","locations":[{"start":{"line":97,"column":8},"end":{"line":99,"column":9}},{"start":{},"end":{}}]},"3":{"loc":{"start":{"line":97,"column":12},"end":{"line":97,"column":53}},"type":"binary-expr","locations":[{"start":{"line":97,"column":12},"end":{"line":97,"column":19}},{"start":{"line":97,"column":23},"end":{"line":97,"column":36}},{"start":{"line":97,"column":40},"end":{"line":97,"column":53}}]},"4":{"loc":{"start":{"line":113,"column":8},"end":{"line":115,"column":9}},"type":"if","locations":[{"start":{"line":113,"column":8},"end":{"line":115,"column":9}},{"start":{},"end":{}}]},"5":{"loc":{"start":{"line":113,"column":12},"end":{"line":113,"column":37}},"type":"binary-expr","locations":[{"start":{"line":113,"column":12},"end":{"line":113,"column":19}},{"start":{"line":113,"column":23},"end":{"line":113,"column":37}}]}},"s":{"0":4,"1":4,"2":4,"3":4,"4":4,"5":0,"6":0,"7":0,"8":0,"9":0,"10":0,"11":0,"12":4,"13":0,"14":0,"15":0,"16":0,"17":0,"18":0,"19":4,"20":0,"21":0,"22":0,"23":0,"24":0,"25":0,"26":0,"27":0,"28":0,"29":0,"30":0,"31":0,"32":0,"33":0,"34":0,"35":4,"36":0,"37":0,"38":0,"39":0,"40":0,"41":0,"42":0,"43":4,"44":4,"45":0,"46":0,"47":0,"48":0,"49":0,"50":0,"51":0,"52":4},"f":{"0":0,"1":0,"2":0,"3":0,"4":0,"5":0},"b":{"0":[0,0],"1":[0,0],"2":[0,0],"3":[0,0,0],"4":[0,0],"5":[0,0]}}
,"/Users/andread/Desktop/Github projects/store-api/controllers/ordersController.ts": {"path":"/Users/andread/Desktop/Github projects/store-api/controllers/ordersController.ts","statementMap":{"0":{"start":{"line":2,"column":0},"end":{"line":2,"column":32}},"1":{"start":{"line":3,"column":0},"end":{"line":3,"column":36}},"2":{"start":{"line":4,"column":0},"end":{"line":4,"column":58}},"3":{"start":{"line":6,"column":25},"end":{"line":13,"column":1}},"4":{"start":{"line":7,"column":4},"end":{"line":12,"column":5}},"5":{"start":{"line":8,"column":23},"end":{"line":8,"column":41}},"6":{"start":{"line":9,"column":8},"end":{"line":9,"column":25}},"7":{"start":{"line":11,"column":8},"end":{"line":11,"column":20}},"8":{"start":{"line":6,"column":13},"end":{"line":6,"column":25}},"9":{"start":{"line":15,"column":34},"end":{"line":23,"column":1}},"10":{"start":{"line":16,"column":4},"end":{"line":22,"column":5}},"11":{"start":{"line":17,"column":27},"end":{"line":17,"column":37}},"12":{"start":{"line":18,"column":23},"end":{"line":18,"column":59}},"13":{"start":{"line":19,"column":8},"end":{"line":19,"column":25}},"14":{"start":{"line":21,"column":8},"end":{"line":21,"column":20}},"15":{"start":{"line":15,"column":13},"end":{"line":15,"column":34}},"16":{"start":{"line":25,"column":27},"end":{"line":64,"column":1}},"17":{"start":{"line":26,"column":4},"end":{"line":63,"column":5}},"18":{"start":{"line":27,"column":23},"end":{"line":27,"column":33}},"19":{"start":{"line":29,"column":8},"end":{"line":31,"column":9}},"20":{"start":{"line":30,"column":12},"end":{"line":30,"column":64}},"21":{"start":{"line":33,"column":53},"end":{"line":33,"column":55}},"22":{"start":{"line":34,"column":30},"end":{"line":42,"column":10}},"23":{"start":{"line":44,"column":8},"end":{"line":48,"column":11}},"24":{"start":{"line":45,"column":12},"end":{"line":47,"column":13}},"25":{"start":{"line":46,"column":16},"end":{"line":46,"column":54}},"26":{"start":{"line":50,"column":29},"end":{"line":53,"column":null}},"27":{"start":{"line":56,"column":8},"end":{"line":58,"column":9}},"28":{"start":{"line":57,"column":12},"end":{"line":57,"column":60}},"29":{"start":{"line":60,"column":8},"end":{"line":60,"column":42}},"30":{"start":{"line":62,"column":8},"end":{"line":62,"column":20}},"31":{"start":{"line":25,"column":13},"end":{"line":25,"column":27}},"32":{"start":{"line":66,"column":24},"end":{"line":87,"column":1}},"33":{"start":{"line":67,"column":4},"end":{"line":86,"column":5}},"34":{"start":{"line":68,"column":82},"end":{"line":68,"column":90}},"35":{"start":{"line":70,"column":22},"end":{"line":79,"column":10}},"36":{"start":{"line":81,"column":8},"end":{"line":81,"column":27}},"37":{"start":{"line":83,"column":8},"end":{"line":83,"column":40}},"38":{"start":{"line":85,"column":8},"end":{"line":85,"column":20}},"39":{"start":{"line":66,"column":13},"end":{"line":66,"column":24}},"40":{"start":{"line":89,"column":27},"end":{"line":106,"column":1}},"41":{"start":{"line":90,"column":4},"end":{"line":105,"column":5}},"42":{"start":{"line":91,"column":23},"end":{"line":91,"column":33}},"43":{"start":{"line":93,"column":8},"end":{"line":95,"column":9}},"44":{"start":{"line":94,"column":12},"end":{"line":94,"column":64}},"45":{"start":{"line":97,"column":29},"end":{"line":97,"column":62}},"46":{"start":{"line":98,"column":8},"end":{"line":100,"column":9}},"47":{"start":{"line":99,"column":12},"end":{"line":99,"column":60}},"48":{"start":{"line":102,"column":8},"end":{"line":102,"column":34}},"49":{"start":{"line":104,"column":8},"end":{"line":104,"column":20}},"50":{"start":{"line":89,"column":13},"end":{"line":89,"column":27}}},"fnMap":{"0":{"name":"(anonymous_1)","decl":{"start":{"line":6,"column":25},"end":{"line":6,"column":30}},"loc":{"start":{"line":6,"column":83},"end":{"line":13,"column":1}}},"1":{"name":"(anonymous_2)","decl":{"start":{"line":15,"column":34},"end":{"line":15,"column":39}},"loc":{"start":{"line":15,"column":92},"end":{"line":23,"column":1}}},"2":{"name":"(anonymous_3)","decl":{"start":{"line":25,"column":27},"end":{"line":25,"column":32}},"loc":{"start":{"line":25,"column":85},"end":{"line":64,"column":1}}},"3":{"name":"(anonymous_4)","decl":{"start":{"line":44,"column":30},"end":{"line":44,"column":35}},"loc":{"start":{"line":44,"column":38},"end":{"line":48,"column":9}}},"4":{"name":"(anonymous_5)","decl":{"start":{"line":66,"column":24},"end":{"line":66,"column":29}},"loc":{"start":{"line":66,"column":82},"end":{"line":87,"column":1}}},"5":{"name":"(anonymous_6)","decl":{"start":{"line":89,"column":27},"end":{"line":89,"column":32}},"loc":{"start":{"line":89,"column":85},"end":{"line":106,"column":1}}}},"branchMap":{"0":{"loc":{"start":{"line":29,"column":8},"end":{"line":31,"column":9}},"type":"if","locations":[{"start":{"line":29,"column":8},"end":{"line":31,"column":9}},{"start":{},"end":{}}]},"1":{"loc":{"start":{"line":45,"column":12},"end":{"line":47,"column":13}},"type":"if","locations":[{"start":{"line":45,"column":12},"end":{"line":47,"column":13}},{"start":{},"end":{}}]},"2":{"loc":{"start":{"line":56,"column":8},"end":{"line":58,"column":9}},"type":"if","locations":[{"start":{"line":56,"column":8},"end":{"line":58,"column":9}},{"start":{},"end":{}}]},"3":{"loc":{"start":{"line":93,"column":8},"end":{"line":95,"column":9}},"type":"if","locations":[{"start":{"line":93,"column":8},"end":{"line":95,"column":9}},{"start":{},"end":{}}]},"4":{"loc":{"start":{"line":98,"column":8},"end":{"line":100,"column":9}},"type":"if","locations":[{"start":{"line":98,"column":8},"end":{"line":100,"column":9}},{"start":{},"end":{}}]}},"s":{"0":4,"1":4,"2":4,"3":4,"4":0,"5":0,"6":0,"7":0,"8":4,"9":4,"10":0,"11":0,"12":0,"13":0,"14":0,"15":4,"16":4,"17":0,"18":0,"19":0,"20":0,"21":0,"22":0,"23":0,"24":0,"25":0,"26":0,"27":0,"28":0,"29":0,"30":0,"31":4,"32":4,"33":0,"34":0,"35":0,"36":0,"37":0,"38":0,"39":4,"40":4,"41":0,"42":0,"43":0,"44":0,"45":0,"46":0,"47":0,"48":0,"49":0,"50":4},"f":{"0":0,"1":0,"2":0,"3":0,"4":0,"5":0},"b":{"0":[0,0],"1":[0,0],"2":[0,0],"3":[0,0],"4":[0,0]}}
,"/Users/andread/Desktop/Github projects/store-api/controllers/productController.ts": {"path":"/Users/andread/Desktop/Github projects/store-api/controllers/productController.ts","statementMap":{"0":{"start":{"line":2,"column":0},"end":{"line":2,"column":32}},"1":{"start":{"line":4,"column":0},"end":{"line":4,"column":40}},"2":{"start":{"line":5,"column":0},"end":{"line":5,"column":58}},"3":{"start":{"line":7,"column":27},"end":{"line":114,"column":1}},"4":{"start":{"line":8,"column":4},"end":{"line":113,"column":5}},"5":{"start":{"line":9,"column":86},"end":{"line":9,"column":95}},"6":{"start":{"line":11,"column":28},"end":{"line":11,"column":30}},"7":{"start":{"line":13,"column":8},"end":{"line":15,"column":9}},"8":{"start":{"line":14,"column":12},"end":{"line":14,"column":52}},"9":{"start":{"line":17,"column":8},"end":{"line":19,"column":9}},"10":{"start":{"line":18,"column":12},"end":{"line":18,"column":58}},"11":{"start":{"line":22,"column":8},"end":{"line":26,"column":9}},"12":{"start":{"line":23,"column":12},"end":{"line":23,"column":68}},"13":{"start":{"line":24,"column":15},"end":{"line":26,"column":9}},"14":{"start":{"line":25,"column":12},"end":{"line":25,"column":58}},"15":{"start":{"line":29,"column":8},"end":{"line":51,"column":9}},"16":{"start":{"line":30,"column":32},"end":{"line":48,"column":14}},"17":{"start":{"line":49,"column":12},"end":{"line":49,"column":44}},"18":{"start":{"line":50,"column":12},"end":{"line":50,"column":42}},"19":{"start":{"line":54,"column":8},"end":{"line":88,"column":9}},"20":{"start":{"line":55,"column":32},"end":{"line":67,"column":14}},"21":{"start":{"line":68,"column":12},"end":{"line":68,"column":44}},"22":{"start":{"line":69,"column":12},"end":{"line":69,"column":42}},"23":{"start":{"line":70,"column":15},"end":{"line":88,"column":9}},"24":{"start":{"line":71,"column":34},"end":{"line":85,"column":14}},"25":{"start":{"line":86,"column":12},"end":{"line":86,"column":44}},"26":{"start":{"line":87,"column":12},"end":{"line":87,"column":44}},"27":{"start":{"line":91,"column":8},"end":{"line":109,"column":9}},"28":{"start":{"line":93,"column":36},"end":{"line":93,"column":37}},"29":{"start":{"line":94,"column":12},"end":{"line":96,"column":13}},"30":{"start":{"line":95,"column":16},"end":{"line":95,"column":31}},"31":{"start":{"line":97,"column":12},"end":{"line":97,"column":103}},"32":{"start":{"line":100,"column":12},"end":{"line":105,"column":15}},"33":{"start":{"line":101,"column":31},"end":{"line":101,"column":102}},"34":{"start":{"line":102,"column":31},"end":{"line":102,"column":102}},"35":{"start":{"line":103,"column":16},"end":{"line":103,"column":48}},"36":{"start":{"line":103,"column":39},"end":{"line":103,"column":48}},"37":{"start":{"line":104,"column":16},"end":{"line":104,"column":53}},"38":{"start":{"line":108,"column":12},"end":{"line":108,"column":50}},"39":{"start":{"line":110,"column":8},"end":{"line":110,"column":27}},"40":{"start":{"line":112,"column":8},"end":{"line":112,"column":20}},"41":{"start":{"line":7,"column":13},"end":{"line":7,"column":27}},"42":{"start":{"line":116,"column":33},"end":{"line":133,"column":1}},"43":{"start":{"line":117,"column":4},"end":{"line":132,"column":5}},"44":{"start":{"line":118,"column":22},"end":{"line":118,"column":32}},"45":{"start":{"line":120,"column":8},"end":{"line":122,"column":9}},"46":{"start":{"line":121,"column":12},"end":{"line":121,"column":82}},"47":{"start":{"line":124,"column":38},"end":{"line":124,"column":63}},"48":{"start":{"line":125,"column":26},"end":{"line":125,"column":79}},"49":{"start":{"line":125,"column":47},"end":{"line":125,"column":78}},"50":{"start":{"line":127,"column":25},"end":{"line":127,"column":72}},"51":{"start":{"line":129,"column":8},"end":{"line":129,"column":27}},"52":{"start":{"line":131,"column":8},"end":{"line":131,"column":20}},"53":{"start":{"line":116,"column":13},"end":{"line":116,"column":33}},"54":{"start":{"line":135,"column":35},"end":{"line":143,"column":1}},"55":{"start":{"line":136,"column":4},"end":{"line":142,"column":5}},"56":{"start":{"line":137,"column":27},"end":{"line":137,"column":37}},"57":{"start":{"line":138,"column":25},"end":{"line":138,"column":86}},"58":{"start":{"line":139,"column":8},"end":{"line":139,"column":27}},"59":{"start":{"line":141,"column":8},"end":{"line":141,"column":20}},"60":{"start":{"line":135,"column":13},"end":{"line":135,"column":35}},"61":{"start":{"line":145,"column":29},"end":{"line":191,"column":1}},"62":{"start":{"line":146,"column":4},"end":{"line":190,"column":5}},"63":{"start":{"line":147,"column":23},"end":{"line":147,"column":33}},"64":{"start":{"line":149,"column":8},"end":{"line":151,"column":9}},"65":{"start":{"line":150,"column":12},"end":{"line":150,"column":66}},"66":{"start":{"line":153,"column":53},"end":{"line":155,"column":10}},"67":{"start":{"line":157,"column":30},"end":{"line":169,"column":10}},"68":{"start":{"line":171,"column":8},"end":{"line":175,"column":11}},"69":{"start":{"line":172,"column":12},"end":{"line":174,"column":13}},"70":{"start":{"line":173,"column":16},"end":{"line":173,"column":54}},"71":{"start":{"line":177,"column":31},"end":{"line":180,"column":null}},"72":{"start":{"line":183,"column":8},"end":{"line":185,"column":9}},"73":{"start":{"line":184,"column":12},"end":{"line":184,"column":62}},"74":{"start":{"line":187,"column":8},"end":{"line":187,"column":46}},"75":{"start":{"line":189,"column":8},"end":{"line":189,"column":20}},"76":{"start":{"line":145,"column":13},"end":{"line":145,"column":29}},"77":{"start":{"line":193,"column":26},"end":{"line":217,"column":1}},"78":{"start":{"line":194,"column":4},"end":{"line":216,"column":5}},"79":{"start":{"line":195,"column":122},"end":{"line":195,"column":130}},"80":{"start":{"line":197,"column":24},"end":{"line":209,"column":10}},"81":{"start":{"line":211,"column":8},"end":{"line":211,"column":29}},"82":{"start":{"line":213,"column":8},"end":{"line":213,"column":42}},"83":{"start":{"line":215,"column":8},"end":{"line":215,"column":20}},"84":{"start":{"line":193,"column":13},"end":{"line":193,"column":26}},"85":{"start":{"line":219,"column":29},"end":{"line":236,"column":1}},"86":{"start":{"line":220,"column":4},"end":{"line":235,"column":5}},"87":{"start":{"line":221,"column":21},"end":{"line":221,"column":31}},"88":{"start":{"line":223,"column":8},"end":{"line":225,"column":9}},"89":{"start":{"line":224,"column":12},"end":{"line":224,"column":66}},"90":{"start":{"line":227,"column":31},"end":{"line":227,"column":66}},"91":{"start":{"line":228,"column":8},"end":{"line":230,"column":9}},"92":{"start":{"line":229,"column":12},"end":{"line":229,"column":62}},"93":{"start":{"line":232,"column":8},"end":{"line":232,"column":34}},"94":{"start":{"line":234,"column":8},"end":{"line":234,"column":20}},"95":{"start":{"line":219,"column":13},"end":{"line":219,"column":29}}},"fnMap":{"0":{"name":"(anonymous_1)","decl":{"start":{"line":7,"column":27},"end":{"line":7,"column":32}},"loc":{"start":{"line":7,"column":85},"end":{"line":114,"column":1}}},"1":{"name":"(anonymous_2)","decl":{"start":{"line":100,"column":26},"end":{"line":100,"column":27}},"loc":{"start":{"line":100,"column":45},"end":{"line":105,"column":13}}},"2":{"name":"(anonymous_3)","decl":{"start":{"line":116,"column":33},"end":{"line":116,"column":38}},"loc":{"start":{"line":116,"column":91},"end":{"line":133,"column":1}}},"3":{"name":"(anonymous_4)","decl":{"start":{"line":125,"column":41},"end":{"line":125,"column":43}},"loc":{"start":{"line":125,"column":47},"end":{"line":125,"column":78}}},"4":{"name":"(anonymous_5)","decl":{"start":{"line":135,"column":35},"end":{"line":135,"column":40}},"loc":{"start":{"line":135,"column":93},"end":{"line":143,"column":1}}},"5":{"name":"(anonymous_6)","decl":{"start":{"line":145,"column":29},"end":{"line":145,"column":34}},"loc":{"start":{"line":145,"column":87},"end":{"line":191,"column":1}}},"6":{"name":"(anonymous_7)","decl":{"start":{"line":171,"column":30},"end":{"line":171,"column":35}},"loc":{"start":{"line":171,"column":38},"end":{"line":175,"column":9}}},"7":{"name":"(anonymous_8)","decl":{"start":{"line":193,"column":26},"end":{"line":193,"column":31}},"loc":{"start":{"line":193,"column":84},"end":{"line":217,"column":1}}},"8":{"name":"(anonymous_9)","decl":{"start":{"line":219,"column":29},"end":{"line":219,"column":34}},"loc":{"start":{"line":219,"column":87},"end":{"line":236,"column":1}}}},"branchMap":{"0":{"loc":{"start":{"line":13,"column":8},"end":{"line":15,"column":9}},"type":"if","locations":[{"start":{"line":13,"column":8},"end":{"line":15,"column":9}},{"start":{},"end":{}}]},"1":{"loc":{"start":{"line":17,"column":8},"end":{"line":19,"column":9}},"type":"if","locations":[{"start":{"line":17,"column":8},"end":{"line":19,"column":9}},{"start":{},"end":{}}]},"2":{"loc":{"start":{"line":22,"column":8},"end":{"line":26,"column":9}},"type":"if","locations":[{"start":{"line":22,"column":8},"end":{"line":26,"column":9}},{"start":{"line":24,"column":15},"end":{"line":26,"column":9}}]},"3":{"loc":{"start":{"line":24,"column":15},"end":{"line":26,"column":9}},"type":"if","locations":[{"start":{"line":24,"column":15},"end":{"line":26,"column":9}},{"start":{},"end":{}}]},"4":{"loc":{"start":{"line":29,"column":8},"end":{"line":51,"column":9}},"type":"if","locations":[{"start":{"line":29,"column":8},"end":{"line":51,"column":9}},{"start":{},"end":{}}]},"5":{"loc":{"start":{"line":29,"column":12},"end":{"line":29,"column":32}},"type":"binary-expr","locations":[{"start":{"line":29,"column":12},"end":{"line":29,"column":20}},{"start":{"line":29,"column":24},"end":{"line":29,"column":32}}]},"6":{"loc":{"start":{"line":35,"column":32},"end":{"line":35,"column":70}},"type":"binary-expr","locations":[{"start":{"line":35,"column":32},"end":{"line":35,"column":40}},{"start":{"line":35,"column":44},"end":{"line":35,"column":70}}]},"7":{"loc":{"start":{"line":36,"column":32},"end":{"line":36,"column":70}},"type":"binary-expr","locations":[{"start":{"line":36,"column":32},"end":{"line":36,"column":40}},{"start":{"line":36,"column":44},"end":{"line":36,"column":70}}]},"8":{"loc":{"start":{"line":43,"column":32},"end":{"line":43,"column":70}},"type":"binary-expr","locations":[{"start":{"line":43,"column":32},"end":{"line":43,"column":40}},{"start":{"line":43,"column":44},"end":{"line":43,"column":70}}]},"9":{"loc":{"start":{"line":44,"column":32},"end":{"line":44,"column":70}},"type":"binary-expr","locations":[{"start":{"line":44,"column":32},"end":{"line":44,"column":40}},{"start":{"line":44,"column":44},"end":{"line":44,"column":70}}]},"10":{"loc":{"start":{"line":49,"column":26},"end":{"line":49,"column":43}},"type":"binary-expr","locations":[{"start":{"line":49,"column":26},"end":{"line":49,"column":37}},{"start":{"line":49,"column":41},"end":{"line":49,"column":43}}]},"11":{"loc":{"start":{"line":54,"column":8},"end":{"line":88,"column":9}},"type":"if","locations":[{"start":{"line":54,"column":8},"end":{"line":88,"column":9}},{"start":{"line":70,"column":15},"end":{"line":88,"column":9}}]},"12":{"loc":{"start":{"line":68,"column":26},"end":{"line":68,"column":43}},"type":"binary-expr","locations":[{"start":{"line":68,"column":26},"end":{"line":68,"column":37}},{"start":{"line":68,"column":41},"end":{"line":68,"column":43}}]},"13":{"loc":{"start":{"line":70,"column":15},"end":{"line":88,"column":9}},"type":"if","locations":[{"start":{"line":70,"column":15},"end":{"line":88,"column":9}},{"start":{},"end":{}}]},"14":{"loc":{"start":{"line":86,"column":26},"end":{"line":86,"column":43}},"type":"binary-expr","locations":[{"start":{"line":86,"column":26},"end":{"line":86,"column":37}},{"start":{"line":86,"column":41},"end":{"line":86,"column":43}}]},"15":{"loc":{"start":{"line":91,"column":8},"end":{"line":109,"column":9}},"type":"if","locations":[{"start":{"line":91,"column":8},"end":{"line":109,"column":9}},{"start":{"line":106,"column":15},"end":{"line":109,"column":9}}]},"16":{"loc":{"start":{"line":94,"column":12},"end":{"line":96,"column":13}},"type":"if","locations":[{"start":{"line":94,"column":12},"end":{"line":96,"column":13}},{"start":{},"end":{}}]},"17":{"loc":{"start":{"line":101,"column":31},"end":{"line":101,"column":102}},"type":"cond-expr","locations":[{"start":{"line":101,"column":73},"end":{"line":101,"column":92}},{"start":{"line":101,"column":95},"end":{"line":101,"column":102}}]},"18":{"loc":{"start":{"line":102,"column":31},"end":{"line":102,"column":102}},"type":"cond-expr","locations":[{"start":{"line":102,"column":73},"end":{"line":102,"column":92}},{"start":{"line":102,"column":95},"end":{"line":102,"column":102}}]},"19":{"loc":{"start":{"line":103,"column":16},"end":{"line":103,"column":48}},"type":"if","locations":[{"start":{"line":103,"column":16},"end":{"line":103,"column":48}},{"start":{},"end":{}}]},"20":{"loc":{"start":{"line":120,"column":8},"end":{"line":122,"column":9}},"type":"if","locations":[{"start":{"line":120,"column":8},"end":{"line":122,"column":9}},{"start":{},"end":{}}]},"21":{"loc":{"start":{"line":149,"column":8},"end":{"line":151,"column":9}},"type":"if","locations":[{"start":{"line":149,"column":8},"end":{"line":151,"column":9}},{"start":{},"end":{}}]},"22":{"loc":{"start":{"line":172,"column":12},"end":{"line":174,"column":13}},"type":"if","locations":[{"start":{"line":172,"column":12},"end":{"line":174,"column":13}},{"start":{},"end":{}}]},"23":{"loc":{"start":{"line":183,"column":8},"end":{"line":185,"column":9}},"type":"if","locations":[{"start":{"line":183,"column":8},"end":{"line":185,"column":9}},{"start":{},"end":{}}]},"24":{"loc":{"start":{"line":223,"column":8},"end":{"line":225,"column":9}},"type":"if","locations":[{"start":{"line":223,"column":8},"end":{"line":225,"column":9}},{"start":{},"end":{}}]},"25":{"loc":{"start":{"line":228,"column":8},"end":{"line":230,"column":9}},"type":"if","locations":[{"start":{"line":228,"column":8},"end":{"line":230,"column":9}},{"start":{},"end":{}}]}},"s":{"0":4,"1":4,"2":4,"3":4,"4":0,"5":0,"6":0,"7":0,"8":0,"9":0,"10":0,"11":0,"12":0,"13":0,"14":0,"15":0,"16":0,"17":0,"18":0,"19":0,"20":0,"21":0,"22":0,"23":0,"24":0,"25":0,"26":0,"27":0,"28":0,"29":0,"30":0,"31":0,"32":0,"33":0,"34":0,"35":0,"36":0,"37":0,"38":0,"39":0,"40":0,"41":4,"42":4,"43":0,"44":0,"45":0,"46":0,"47":0,"48":0,"49":0,"50":0,"51":0,"52":0,"53":4,"54":4,"55":0,"56":0,"57":0,"58":0,"59":0,"60":4,"61":4,"62":0,"63":0,"64":0,"65":0,"66":0,"67":0,"68":0,"69":0,"70":0,"71":0,"72":0,"73":0,"74":0,"75":0,"76":4,"77":4,"78":0,"79":0,"80":0,"81":0,"82":0,"83":0,"84":4,"85":4,"86":0,"87":0,"88":0,"89":0,"90":0,"91":0,"92":0,"93":0,"94":0,"95":4},"f":{"0":0,"1":0,"2":0,"3":0,"4":0,"5":0,"6":0,"7":0,"8":0},"b":{"0":[0,0],"1":[0,0],"2":[0,0],"3":[0,0],"4":[0,0],"5":[0,0],"6":[0,0],"7":[0,0],"8":[0,0],"9":[0,0],"10":[0,0],"11":[0,0],"12":[0,0],"13":[0,0],"14":[0,0],"15":[0,0],"16":[0,0],"17":[0,0],"18":[0,0],"19":[0,0],"20":[0,0],"21":[0,0],"22":[0,0],"23":[0,0],"24":[0,0],"25":[0,0]}}
,"/Users/andread/Desktop/Github projects/store-api/controllers/productViewController.ts": {"path":"/Users/andread/Desktop/Github projects/store-api/controllers/productViewController.ts","statementMap":{"0":{"start":{"line":2,"column":0},"end":{"line":2,"column":48}},"1":{"start":{"line":4,"column":39},"end":{"line":8,"column":1}},"2":{"start":{"line":5,"column":23},"end":{"line":5,"column":33}},"3":{"start":{"line":6,"column":25},"end":{"line":6,"column":59}},"4":{"start":{"line":7,"column":4},"end":{"line":7,"column":39}},"5":{"start":{"line":4,"column":13},"end":{"line":4,"column":39}},"6":{"start":{"line":10,"column":30},"end":{"line":14,"column":1}},"7":{"start":{"line":11,"column":34},"end":{"line":11,"column":42}},"8":{"start":{"line":12,"column":24},"end":{"line":12,"column":71}},"9":{"start":{"line":13,"column":4},"end":{"line":13,"column":38}},"10":{"start":{"line":10,"column":13},"end":{"line":10,"column":30}}},"fnMap":{"0":{"name":"(anonymous_1)","decl":{"start":{"line":4,"column":39},"end":{"line":4,"column":44}},"loc":{"start":{"line":4,"column":97},"end":{"line":8,"column":1}}},"1":{"name":"(anonymous_2)","decl":{"start":{"line":10,"column":30},"end":{"line":10,"column":35}},"loc":{"start":{"line":10,"column":88},"end":{"line":14,"column":1}}}},"branchMap":{},"s":{"0":4,"1":4,"2":0,"3":0,"4":0,"5":4,"6":4,"7":0,"8":0,"9":0,"10":4},"f":{"0":0,"1":0},"b":{}}
,"/Users/andread/Desktop/Github projects/store-api/controllers/recommendationController.ts": {"path":"/Users/andread/Desktop/Github projects/store-api/controllers/recommendationController.ts","statementMap":{"0":{"start":{"line":2,"column":0},"end":{"line":2,"column":36}},"1":{"start":{"line":3,"column":0},"end":{"line":3,"column":40}},"2":{"start":{"line":4,"column":0},"end":{"line":4,"column":48}},"3":{"start":{"line":5,"column":0},"end":{"line":5,"column":32}},"4":{"start":{"line":7,"column":40},"end":{"line":40,"column":1}},"5":{"start":{"line":8,"column":4},"end":{"line":39,"column":5}},"6":{"start":{"line":9,"column":27},"end":{"line":9,"column":37}},"7":{"start":{"line":12,"column":23},"end":{"line":12,"column":51}},"8":{"start":{"line":15,"column":27},"end":{"line":16,"column":null}},"9":{"start":{"line":16,"column":12},"end":{"line":16,"column":89}},"10":{"start":{"line":16,"column":42},"end":{"line":16,"column":88}},"11":{"start":{"line":20,"column":25},"end":{"line":20,"column":73}},"12":{"start":{"line":23,"column":30},"end":{"line":28,"column":40}},"13":{"start":{"line":24,"column":12},"end":{"line":26,"column":15}},"14":{"start":{"line":25,"column":16},"end":{"line":25,"column":57}},"15":{"start":{"line":27,"column":12},"end":{"line":27,"column":23}},"16":{"start":{"line":31,"column":30},"end":{"line":34,"column":42}},"17":{"start":{"line":32,"column":46},"end":{"line":32,"column":61}},"18":{"start":{"line":34,"column":33},"end":{"line":34,"column":41}},"19":{"start":{"line":36,"column":8},"end":{"line":36,"column":36}},"20":{"start":{"line":38,"column":8},"end":{"line":38,"column":20}},"21":{"start":{"line":7,"column":13},"end":{"line":7,"column":40}},"22":{"start":{"line":42,"column":51},"end":{"line":67,"column":1}},"23":{"start":{"line":43,"column":4},"end":{"line":66,"column":5}},"24":{"start":{"line":44,"column":27},"end":{"line":44,"column":37}},"25":{"start":{"line":47,"column":33},"end":{"line":47,"column":84}},"26":{"start":{"line":50,"column":30},"end":{"line":55,"column":40}},"27":{"start":{"line":51,"column":12},"end":{"line":53,"column":15}},"28":{"start":{"line":52,"column":16},"end":{"line":52,"column":57}},"29":{"start":{"line":54,"column":12},"end":{"line":54,"column":23}},"30":{"start":{"line":58,"column":30},"end":{"line":61,"column":42}},"31":{"start":{"line":59,"column":46},"end":{"line":59,"column":61}},"32":{"start":{"line":61,"column":33},"end":{"line":61,"column":41}},"33":{"start":{"line":63,"column":8},"end":{"line":63,"column":36}},"34":{"start":{"line":65,"column":8},"end":{"line":65,"column":20}},"35":{"start":{"line":42,"column":13},"end":{"line":42,"column":51}},"36":{"start":{"line":69,"column":47},"end":{"line":100,"column":1}},"37":{"start":{"line":70,"column":4},"end":{"line":99,"column":5}},"38":{"start":{"line":71,"column":27},"end":{"line":71,"column":37}},"39":{"start":{"line":74,"column":29},"end":{"line":74,"column":63}},"40":{"start":{"line":77,"column":27},"end":{"line":77,"column":96}},"41":{"start":{"line":77,"column":52},"end":{"line":77,"column":95}},"42":{"start":{"line":80,"column":25},"end":{"line":80,"column":73}},"43":{"start":{"line":83,"column":30},"end":{"line":88,"column":40}},"44":{"start":{"line":84,"column":12},"end":{"line":86,"column":15}},"45":{"start":{"line":85,"column":16},"end":{"line":85,"column":57}},"46":{"start":{"line":87,"column":12},"end":{"line":87,"column":23}},"47":{"start":{"line":91,"column":30},"end":{"line":94,"column":42}},"48":{"start":{"line":92,"column":46},"end":{"line":92,"column":61}},"49":{"start":{"line":94,"column":33},"end":{"line":94,"column":41}},"50":{"start":{"line":96,"column":8},"end":{"line":96,"column":36}},"51":{"start":{"line":98,"column":8},"end":{"line":98,"column":20}},"52":{"start":{"line":69,"column":13},"end":{"line":69,"column":47}}},"fnMap":{"0":{"name":"(anonymous_1)","decl":{"start":{"line":7,"column":40},"end":{"line":7,"column":45}},"loc":{"start":{"line":7,"column":98},"end":{"line":40,"column":1}}},"1":{"name":"(anonymous_2)","decl":{"start":{"line":15,"column":42},"end":{"line":15,"column":47}},"loc":{"start":{"line":16,"column":12},"end":{"line":16,"column":89}}},"2":{"name":"(anonymous_3)","decl":{"start":{"line":16,"column":31},"end":{"line":16,"column":38}},"loc":{"start":{"line":16,"column":42},"end":{"line":16,"column":88}}},"3":{"name":"(anonymous_4)","decl":{"start":{"line":23,"column":46},"end":{"line":23,"column":47}},"loc":{"start":{"line":23,"column":63},"end":{"line":28,"column":9}}},"4":{"name":"(anonymous_5)","decl":{"start":{"line":24,"column":39},"end":{"line":24,"column":47}},"loc":{"start":{"line":24,"column":50},"end":{"line":26,"column":13}}},"5":{"name":"(anonymous_6)","decl":{"start":{"line":32,"column":18},"end":{"line":32,"column":19}},"loc":{"start":{"line":32,"column":46},"end":{"line":32,"column":61}}},"6":{"name":"(anonymous_7)","decl":{"start":{"line":34,"column":17},"end":{"line":34,"column":18}},"loc":{"start":{"line":34,"column":33},"end":{"line":34,"column":41}}},"7":{"name":"(anonymous_8)","decl":{"start":{"line":42,"column":51},"end":{"line":42,"column":56}},"loc":{"start":{"line":42,"column":109},"end":{"line":67,"column":1}}},"8":{"name":"(anonymous_9)","decl":{"start":{"line":50,"column":54},"end":{"line":50,"column":55}},"loc":{"start":{"line":50,"column":71},"end":{"line":55,"column":9}}},"9":{"name":"(anonymous_10)","decl":{"start":{"line":51,"column":39},"end":{"line":51,"column":47}},"loc":{"start":{"line":51,"column":50},"end":{"line":53,"column":13}}},"10":{"name":"(anonymous_11)","decl":{"start":{"line":59,"column":18},"end":{"line":59,"column":19}},"loc":{"start":{"line":59,"column":46},"end":{"line":59,"column":61}}},"11":{"name":"(anonymous_12)","decl":{"start":{"line":61,"column":17},"end":{"line":61,"column":18}},"loc":{"start":{"line":61,"column":33},"end":{"line":61,"column":41}}},"12":{"name":"(anonymous_13)","decl":{"start":{"line":69,"column":47},"end":{"line":69,"column":52}},"loc":{"start":{"line":69,"column":105},"end":{"line":100,"column":1}}},"13":{"name":"(anonymous_14)","decl":{"start":{"line":77,"column":44},"end":{"line":77,"column":48}},"loc":{"start":{"line":77,"column":52},"end":{"line":77,"column":95}}},"14":{"name":"(anonymous_15)","decl":{"start":{"line":83,"column":46},"end":{"line":83,"column":47}},"loc":{"start":{"line":83,"column":63},"end":{"line":88,"column":9}}},"15":{"name":"(anonymous_16)","decl":{"start":{"line":84,"column":39},"end":{"line":84,"column":47}},"loc":{"start":{"line":84,"column":50},"end":{"line":86,"column":13}}},"16":{"name":"(anonymous_17)","decl":{"start":{"line":92,"column":18},"end":{"line":92,"column":19}},"loc":{"start":{"line":92,"column":46},"end":{"line":92,"column":61}}},"17":{"name":"(anonymous_18)","decl":{"start":{"line":94,"column":17},"end":{"line":94,"column":18}},"loc":{"start":{"line":94,"column":33},"end":{"line":94,"column":41}}}},"branchMap":{"0":{"loc":{"start":{"line":25,"column":33},"end":{"line":25,"column":51}},"type":"binary-expr","locations":[{"start":{"line":25,"column":33},"end":{"line":25,"column":46}},{"start":{"line":25,"column":50},"end":{"line":25,"column":51}}]},"1":{"loc":{"start":{"line":52,"column":33},"end":{"line":52,"column":51}},"type":"binary-expr","locations":[{"start":{"line":52,"column":33},"end":{"line":52,"column":46}},{"start":{"line":52,"column":50},"end":{"line":52,"column":51}}]},"2":{"loc":{"start":{"line":85,"column":33},"end":{"line":85,"column":51}},"type":"binary-expr","locations":[{"start":{"line":85,"column":33},"end":{"line":85,"column":46}},{"start":{"line":85,"column":50},"end":{"line":85,"column":51}}]}},"s":{"0":4,"1":4,"2":4,"3":4,"4":4,"5":0,"6":0,"7":0,"8":0,"9":0,"10":0,"11":0,"12":0,"13":0,"14":0,"15":0,"16":0,"17":0,"18":0,"19":0,"20":0,"21":4,"22":4,"23":0,"24":0,"25":0,"26":0,"27":0,"28":0,"29":0,"30":0,"31":0,"32":0,"33":0,"34":0,"35":4,"36":4,"37":0,"38":0,"39":0,"40":0,"41":0,"42":0,"43":0,"44":0,"45":0,"46":0,"47":0,"48":0,"49":0,"50":0,"51":0,"52":4},"f":{"0":0,"1":0,"2":0,"3":0,"4":0,"5":0,"6":0,"7":0,"8":0,"9":0,"10":0,"11":0,"12":0,"13":0,"14":0,"15":0,"16":0,"17":0},"b":{"0":[0,0],"1":[0,0],"2":[0,0]}}
,"/Users/andread/Desktop/Github projects/store-api/controllers/userController.ts": {"path":"/Users/andread/Desktop/Github projects/store-api/controllers/userController.ts","statementMap":{"0":{"start":{"line":1,"column":0},"end":{"line":1,"column":32}},"1":{"start":{"line":3,"column":0},"end":{"line":3,"column":34}},"2":{"start":{"line":4,"column":0},"end":{"line":4,"column":58}},"3":{"start":{"line":6,"column":15},"end":{"line":6,"column":32}},"4":{"start":{"line":8,"column":24},"end":{"line":15,"column":1}},"5":{"start":{"line":9,"column":4},"end":{"line":14,"column":5}},"6":{"start":{"line":10,"column":22},"end":{"line":10,"column":39}},"7":{"start":{"line":11,"column":8},"end":{"line":11,"column":28}},"8":{"start":{"line":13,"column":8},"end":{"line":13,"column":20}},"9":{"start":{"line":8,"column":13},"end":{"line":8,"column":24}},"10":{"start":{"line":17,"column":23},"end":{"line":42,"column":1}},"11":{"start":{"line":18,"column":4},"end":{"line":41,"column":5}},"12":{"start":{"line":19,"column":57},"end":{"line":19,"column":65}},"13":{"start":{"line":21,"column":8},"end":{"line":23,"column":9}},"14":{"start":{"line":22,"column":12},"end":{"line":22,"column":70}},"15":{"start":{"line":25,"column":31},"end":{"line":25,"column":62}},"16":{"start":{"line":26,"column":28},"end":{"line":26,"column":44}},"17":{"start":{"line":28,"column":21},"end":{"line":34,"column":10}},"18":{"start":{"line":36,"column":8},"end":{"line":36,"column":26}},"19":{"start":{"line":38,"column":8},"end":{"line":38,"column":39}},"20":{"start":{"line":40,"column":8},"end":{"line":40,"column":20}},"21":{"start":{"line":17,"column":13},"end":{"line":17,"column":23}},"22":{"start":{"line":44,"column":26},"end":{"line":75,"column":1}},"23":{"start":{"line":45,"column":4},"end":{"line":74,"column":5}},"24":{"start":{"line":46,"column":23},"end":{"line":46,"column":33}},"25":{"start":{"line":48,"column":8},"end":{"line":50,"column":9}},"26":{"start":{"line":49,"column":12},"end":{"line":49,"column":65}},"27":{"start":{"line":52,"column":57},"end":{"line":52,"column":65}},"28":{"start":{"line":54,"column":53},"end":{"line":54,"column":55}},"29":{"start":{"line":55,"column":8},"end":{"line":55,"column":43}},"30":{"start":{"line":55,"column":18},"end":{"line":55,"column":43}},"31":{"start":{"line":56,"column":8},"end":{"line":56,"column":52}},"32":{"start":{"line":56,"column":21},"end":{"line":56,"column":52}},"33":{"start":{"line":57,"column":8},"end":{"line":57,"column":46}},"34":{"start":{"line":57,"column":19},"end":{"line":57,"column":46}},"35":{"start":{"line":58,"column":8},"end":{"line":58,"column":43}},"36":{"start":{"line":58,"column":18},"end":{"line":58,"column":43}},"37":{"start":{"line":59,"column":8},"end":{"line":59,"column":55}},"38":{"start":{"line":59,"column":22},"end":{"line":59,"column":55}},"39":{"start":{"line":61,"column":28},"end":{"line":64,"column":null}},"40":{"start":{"line":67,"column":8},"end":{"line":69,"column":9}},"41":{"start":{"line":68,"column":12},"end":{"line":68,"column":61}},"42":{"start":{"line":71,"column":8},"end":{"line":71,"column":40}},"43":{"start":{"line":73,"column":8},"end":{"line":73,"column":20}},"44":{"start":{"line":44,"column":13},"end":{"line":44,"column":26}},"45":{"start":{"line":77,"column":26},"end":{"line":94,"column":1}},"46":{"start":{"line":78,"column":4},"end":{"line":93,"column":5}},"47":{"start":{"line":79,"column":23},"end":{"line":79,"column":33}},"48":{"start":{"line":81,"column":8},"end":{"line":83,"column":9}},"49":{"start":{"line":82,"column":12},"end":{"line":82,"column":65}},"50":{"start":{"line":85,"column":28},"end":{"line":85,"column":60}},"51":{"start":{"line":86,"column":8},"end":{"line":88,"column":9}},"52":{"start":{"line":87,"column":12},"end":{"line":87,"column":61}},"53":{"start":{"line":90,"column":8},"end":{"line":90,"column":36}},"54":{"start":{"line":92,"column":8},"end":{"line":92,"column":20}},"55":{"start":{"line":77,"column":13},"end":{"line":77,"column":26}}},"fnMap":{"0":{"name":"(anonymous_1)","decl":{"start":{"line":8,"column":24},"end":{"line":8,"column":29}},"loc":{"start":{"line":8,"column":82},"end":{"line":15,"column":1}}},"1":{"name":"(anonymous_2)","decl":{"start":{"line":17,"column":23},"end":{"line":17,"column":28}},"loc":{"start":{"line":17,"column":81},"end":{"line":42,"column":1}}},"2":{"name":"(anonymous_3)","decl":{"start":{"line":44,"column":26},"end":{"line":44,"column":31}},"loc":{"start":{"line":44,"column":84},"end":{"line":75,"column":1}}},"3":{"name":"(anonymous_4)","decl":{"start":{"line":77,"column":26},"end":{"line":77,"column":31}},"loc":{"start":{"line":77,"column":84},"end":{"line":94,"column":1}}}},"branchMap":{"0":{"loc":{"start":{"line":21,"column":8},"end":{"line":23,"column":9}},"type":"if","locations":[{"start":{"line":21,"column":8},"end":{"line":23,"column":9}},{"start":{},"end":{}}]},"1":{"loc":{"start":{"line":26,"column":28},"end":{"line":26,"column":44}},"type":"binary-expr","locations":[{"start":{"line":26,"column":28},"end":{"line":26,"column":32}},{"start":{"line":26,"column":36},"end":{"line":26,"column":44}}]},"2":{"loc":{"start":{"line":48,"column":8},"end":{"line":50,"column":9}},"type":"if","locations":[{"start":{"line":48,"column":8},"end":{"line":50,"column":9}},{"start":{},"end":{}}]},"3":{"loc":{"start":{"line":55,"column":8},"end":{"line":55,"column":43}},"type":"if","locations":[{"start":{"line":55,"column":8},"end":{"line":55,"column":43}},{"start":{},"end":{}}]},"4":{"loc":{"start":{"line":56,"column":8},"end":{"line":56,"column":52}},"type":"if","locations":[{"start":{"line":56,"column":8},"end":{"line":56,"column":52}},{"start":{},"end":{}}]},"5":{"loc":{"start":{"line":57,"column":8},"end":{"line":57,"column":46}},"type":"if","locations":[{"start":{"line":57,"column":8},"end":{"line":57,"column":46}},{"start":{},"end":{}}]},"6":{"loc":{"start":{"line":58,"column":8},"end":{"line":58,"column":43}},"type":"if","locations":[{"start":{"line":58,"column":8},"end":{"line":58,"column":43}},{"start":{},"end":{}}]},"7":{"loc":{"start":{"line":59,"column":8},"end":{"line":59,"column":55}},"type":"if","locations":[{"start":{"line":59,"column":8},"end":{"line":59,"column":55}},{"start":{},"end":{}}]},"8":{"loc":{"start":{"line":67,"column":8},"end":{"line":69,"column":9}},"type":"if","locations":[{"start":{"line":67,"column":8},"end":{"line":69,"column":9}},{"start":{},"end":{}}]},"9":{"loc":{"start":{"line":81,"column":8},"end":{"line":83,"column":9}},"type":"if","locations":[{"start":{"line":81,"column":8},"end":{"line":83,"column":9}},{"start":{},"end":{}}]},"10":{"loc":{"start":{"line":86,"column":8},"end":{"line":88,"column":9}},"type":"if","locations":[{"start":{"line":86,"column":8},"end":{"line":88,"column":9}},{"start":{},"end":{}}]}},"s":{"0":4,"1":4,"2":4,"3":4,"4":4,"5":0,"6":0,"7":0,"8":0,"9":4,"10":4,"11":0,"12":0,"13":0,"14":0,"15":0,"16":0,"17":0,"18":0,"19":0,"20":0,"21":4,"22":4,"23":0,"24":0,"25":0,"26":0,"27":0,"28":0,"29":0,"30":0,"31":0,"32":0,"33":0,"34":0,"35":0,"36":0,"37":0,"38":0,"39":0,"40":0,"41":0,"42":0,"43":0,"44":4,"45":4,"46":0,"47":0,"48":0,"49":0,"50":0,"51":0,"52":0,"53":0,"54":0,"55":4},"f":{"0":0,"1":0,"2":0,"3":0},"b":{"0":[0,0],"1":[0,0],"2":[0,0],"3":[0,0],"4":[0,0],"5":[0,0],"6":[0,0],"7":[0,0],"8":[0,0],"9":[0,0],"10":[0,0]}}
,"/Users/andread/Desktop/Github projects/store-api/models/Address.ts": {"path":"/Users/andread/Desktop/Github projects/store-api/models/Address.ts","statementMap":{"0":{"start":{"line":1,"column":0},"end":{"line":1,"column":54}},"1":{"start":{"line":15,"column":30},"end":{"line":25,"column":2}},"2":{"start":{"line":27,"column":0},"end":{"line":27,"column":66}}},"fnMap":{},"branchMap":{},"s":{"0":4,"1":4,"2":4},"f":{},"b":{}}
,"/Users/andread/Desktop/Github projects/store-api/models/Category.ts": {"path":"/Users/andread/Desktop/Github projects/store-api/models/Category.ts","statementMap":{"0":{"start":{"line":1,"column":0},"end":{"line":1,"column":54}},"1":{"start":{"line":10,"column":31},"end":{"line":15,"column":2}},"2":{"start":{"line":17,"column":0},"end":{"line":17,"column":69}}},"fnMap":{},"branchMap":{},"s":{"0":4,"1":4,"2":4},"f":{},"b":{}}
,"/Users/andread/Desktop/Github projects/store-api/models/Custom.ts": {"path":"/Users/andread/Desktop/Github projects/store-api/models/Custom.ts","statementMap":{"0":{"start":{"line":1,"column":0},"end":{"line":1,"column":54}},"1":{"start":{"line":10,"column":29},"end":{"line":15,"column":28}},"2":{"start":{"line":17,"column":0},"end":{"line":17,"column":63}}},"fnMap":{},"branchMap":{},"s":{"0":4,"1":4,"2":4},"f":{},"b":{}}
,"/Users/andread/Desktop/Github projects/store-api/models/Image.ts": {"path":"/Users/andread/Desktop/Github projects/store-api/models/Image.ts","statementMap":{"0":{"start":{"line":1,"column":0},"end":{"line":1,"column":54}},"1":{"start":{"line":9,"column":28},"end":{"line":13,"column":2}},"2":{"start":{"line":15,"column":0},"end":{"line":15,"column":60}}},"fnMap":{},"branchMap":{},"s":{"0":4,"1":4,"2":4},"f":{},"b":{}}
,"/Users/andread/Desktop/Github projects/store-api/models/Order.ts": {"path":"/Users/andread/Desktop/Github projects/store-api/models/Order.ts","statementMap":{"0":{"start":{"line":1,"column":0},"end":{"line":1,"column":54}},"1":{"start":{"line":35,"column":28},"end":{"line":44,"column":2}},"2":{"start":{"line":46,"column":0},"end":{"line":46,"column":60}}},"fnMap":{},"branchMap":{},"s":{"0":4,"1":4,"2":4},"f":{},"b":{}}
,"/Users/andread/Desktop/Github projects/store-api/models/Product.ts": {"path":"/Users/andread/Desktop/Github projects/store-api/models/Product.ts","statementMap":{"0":{"start":{"line":1,"column":0},"end":{"line":1,"column":54}},"1":{"start":{"line":24,"column":30},"end":{"line":38,"column":2}},"2":{"start":{"line":40,"column":0},"end":{"line":40,"column":66}}},"fnMap":{},"branchMap":{},"s":{"0":4,"1":4,"2":4},"f":{},"b":{}}
,"/Users/andread/Desktop/Github projects/store-api/models/ProductView.ts": {"path":"/Users/andread/Desktop/Github projects/store-api/models/ProductView.ts","statementMap":{"0":{"start":{"line":1,"column":0},"end":{"line":1,"column":54}},"1":{"start":{"line":9,"column":34},"end":{"line":13,"column":2}},"2":{"start":{"line":15,"column":0},"end":{"line":15,"column":78}}},"fnMap":{},"branchMap":{},"s":{"0":4,"1":4,"2":4},"f":{},"b":{}}
,"/Users/andread/Desktop/Github projects/store-api/models/User.ts": {"path":"/Users/andread/Desktop/Github projects/store-api/models/User.ts","statementMap":{"0":{"start":{"line":1,"column":0},"end":{"line":1,"column":54}},"1":{"start":{"line":13,"column":27},"end":{"line":21,"column":2}},"2":{"start":{"line":23,"column":0},"end":{"line":23,"column":57}}},"fnMap":{},"branchMap":{},"s":{"0":4,"1":4,"2":4},"f":{},"b":{}}
,"/Users/andread/Desktop/Github projects/store-api/routes/addressRoutes.ts": {"path":"/Users/andread/Desktop/Github projects/store-api/routes/addressRoutes.ts","statementMap":{"0":{"start":{"line":1,"column":0},"end":{"line":1,"column":30}},"1":{"start":{"line":3,"column":0},"end":{"line":3,"column":null}},"2":{"start":{"line":11,"column":15},"end":{"line":11,"column":31}},"3":{"start":{"line":13,"column":0},"end":{"line":13,"column":30}},"4":{"start":{"line":14,"column":0},"end":{"line":14,"column":44}},"5":{"start":{"line":15,"column":0},"end":{"line":15,"column":29}},"6":{"start":{"line":16,"column":0},"end":{"line":16,"column":34}},"7":{"start":{"line":17,"column":0},"end":{"line":17,"column":37}},"8":{"start":{"line":19,"column":0},"end":{"line":19,"column":22}}},"fnMap":{},"branchMap":{},"s":{"0":4,"1":4,"2":4,"3":4,"4":4,"5":4,"6":4,"7":4,"8":4},"f":{},"b":{}}
,"/Users/andread/Desktop/Github projects/store-api/routes/analyticsRoutes.ts": {"path":"/Users/andread/Desktop/Github projects/store-api/routes/analyticsRoutes.ts","statementMap":{"0":{"start":{"line":1,"column":0},"end":{"line":1,"column":30}},"1":{"start":{"line":2,"column":0},"end":{"line":2,"column":75}},"2":{"start":{"line":4,"column":15},"end":{"line":4,"column":31}},"3":{"start":{"line":6,"column":0},"end":{"line":6,"column":50}},"4":{"start":{"line":8,"column":0},"end":{"line":8,"column":22}}},"fnMap":{},"branchMap":{},"s":{"0":4,"1":4,"2":4,"3":4,"4":4},"f":{},"b":{}}
,"/Users/andread/Desktop/Github projects/store-api/routes/authRoutes.ts": {"path":"/Users/andread/Desktop/Github projects/store-api/routes/authRoutes.ts","statementMap":{"0":{"start":{"line":1,"column":0},"end":{"line":1,"column":30}},"1":{"start":{"line":2,"column":0},"end":{"line":2,"column":54}},"2":{"start":{"line":4,"column":15},"end":{"line":4,"column":31}},"3":{"start":{"line":6,"column":0},"end":{"line":6,"column":24}},"4":{"start":{"line":8,"column":0},"end":{"line":8,"column":22}}},"fnMap":{},"branchMap":{},"s":{"0":4,"1":4,"2":4,"3":4,"4":4},"f":{},"b":{}}
,"/Users/andread/Desktop/Github projects/store-api/routes/categoryRoutes.ts": {"path":"/Users/andread/Desktop/Github projects/store-api/routes/categoryRoutes.ts","statementMap":{"0":{"start":{"line":1,"column":0},"end":{"line":1,"column":30}},"1":{"start":{"line":3,"column":0},"end":{"line":3,"column":85}},"2":{"start":{"line":5,"column":15},"end":{"line":5,"column":31}},"3":{"start":{"line":7,"column":0},"end":{"line":7,"column":31}},"4":{"start":{"line":8,"column":0},"end":{"line":8,"column":38}},"5":{"start":{"line":10,"column":0},"end":{"line":10,"column":22}}},"fnMap":{},"branchMap":{},"s":{"0":4,"1":4,"2":4,"3":4,"4":4,"5":4},"f":{},"b":{}}
,"/Users/andread/Desktop/Github projects/store-api/routes/customRoutes.ts": {"path":"/Users/andread/Desktop/Github projects/store-api/routes/customRoutes.ts","statementMap":{"0":{"start":{"line":1,"column":0},"end":{"line":1,"column":30}},"1":{"start":{"line":2,"column":0},"end":{"line":2,"column":74}},"2":{"start":{"line":4,"column":15},"end":{"line":4,"column":31}},"3":{"start":{"line":6,"column":0},"end":{"line":6,"column":27}},"4":{"start":{"line":7,"column":0},"end":{"line":7,"column":32}},"5":{"start":{"line":8,"column":0},"end":{"line":8,"column":35}},"6":{"start":{"line":10,"column":0},"end":{"line":10,"column":22}}},"fnMap":{},"branchMap":{},"s":{"0":4,"1":4,"2":4,"3":4,"4":4,"5":4,"6":4},"f":{},"b":{}}
,"/Users/andread/Desktop/Github projects/store-api/routes/generalRoutes.ts": {"path":"/Users/andread/Desktop/Github projects/store-api/routes/generalRoutes.ts","statementMap":{"0":{"start":{"line":1,"column":0},"end":{"line":1,"column":30}},"1":{"start":{"line":3,"column":0},"end":{"line":3,"column":85}},"2":{"start":{"line":5,"column":15},"end":{"line":5,"column":31}},"3":{"start":{"line":7,"column":0},"end":{"line":7,"column":40}},"4":{"start":{"line":8,"column":0},"end":{"line":8,"column":41}},"5":{"start":{"line":11,"column":0},"end":{"line":11,"column":22}}},"fnMap":{},"branchMap":{},"s":{"0":4,"1":4,"2":4,"3":4,"4":4,"5":4},"f":{},"b":{}}
,"/Users/andread/Desktop/Github projects/store-api/routes/imageRoutes.ts": {"path":"/Users/andread/Desktop/Github projects/store-api/routes/imageRoutes.ts","statementMap":{"0":{"start":{"line":1,"column":0},"end":{"line":1,"column":30}},"1":{"start":{"line":3,"column":0},"end":{"line":3,"column":92}},"2":{"start":{"line":5,"column":15},"end":{"line":5,"column":31}},"3":{"start":{"line":7,"column":0},"end":{"line":7,"column":28}},"4":{"start":{"line":8,"column":15},"end":{"line":8,"column":58}},"5":{"start":{"line":10,"column":0},"end":{"line":10,"column":51}},"6":{"start":{"line":11,"column":0},"end":{"line":11,"column":41}},"7":{"start":{"line":12,"column":0},"end":{"line":12,"column":41}},"8":{"start":{"line":14,"column":0},"end":{"line":14,"column":22}}},"fnMap":{},"branchMap":{},"s":{"0":4,"1":4,"2":4,"3":4,"4":4,"5":4,"6":4,"7":4,"8":4},"f":{},"b":{}}
,"/Users/andread/Desktop/Github projects/store-api/routes/index.ts": {"path":"/Users/andread/Desktop/Github projects/store-api/routes/index.ts","statementMap":{"0":{"start":{"line":1,"column":0},"end":{"line":1,"column":9}},"1":{"start":{"line":1,"column":9},"end":{"line":1,"column":33}},"2":{"start":{"line":2,"column":0},"end":{"line":2,"column":9}},"3":{"start":{"line":2,"column":9},"end":{"line":2,"column":30}},"4":{"start":{"line":3,"column":0},"end":{"line":3,"column":9}},"5":{"start":{"line":3,"column":9},"end":{"line":3,"column":34}},"6":{"start":{"line":4,"column":0},"end":{"line":4,"column":9}},"7":{"start":{"line":4,"column":9},"end":{"line":4,"column":32}},"8":{"start":{"line":5,"column":0},"end":{"line":5,"column":9}},"9":{"start":{"line":5,"column":9},"end":{"line":5,"column":33}},"10":{"start":{"line":6,"column":0},"end":{"line":6,"column":9}},"11":{"start":{"line":6,"column":9},"end":{"line":6,"column":31}},"12":{"start":{"line":7,"column":0},"end":{"line":7,"column":9}},"13":{"start":{"line":7,"column":9},"end":{"line":7,"column":31}},"14":{"start":{"line":8,"column":0},"end":{"line":8,"column":9}},"15":{"start":{"line":8,"column":9},"end":{"line":8,"column":33}},"16":{"start":{"line":9,"column":0},"end":{"line":9,"column":9}},"17":{"start":{"line":9,"column":9},"end":{"line":9,"column":37}},"18":{"start":{"line":10,"column":0},"end":{"line":10,"column":9}},"19":{"start":{"line":10,"column":9},"end":{"line":10,"column":40}},"20":{"start":{"line":11,"column":0},"end":{"line":11,"column":9}},"21":{"start":{"line":11,"column":9},"end":{"line":11,"column":30}},"22":{"start":{"line":12,"column":0},"end":{"line":12,"column":9}},"23":{"start":{"line":12,"column":9},"end":{"line":12,"column":35}}},"fnMap":{"0":{"name":"(anonymous_1)","decl":{"start":{"line":1,"column":9},"end":{"line":1,"column":16}},"loc":{"start":{"line":1,"column":9},"end":{"line":1,"column":33}}},"1":{"name":"(anonymous_2)","decl":{"start":{"line":2,"column":9},"end":{"line":2,"column":16}},"loc":{"start":{"line":2,"column":9},"end":{"line":2,"column":30}}},"2":{"name":"(anonymous_3)","decl":{"start":{"line":3,"column":9},"end":{"line":3,"column":16}},"loc":{"start":{"line":3,"column":9},"end":{"line":3,"column":34}}},"3":{"name":"(anonymous_4)","decl":{"start":{"line":4,"column":9},"end":{"line":4,"column":16}},"loc":{"start":{"line":4,"column":9},"end":{"line":4,"column":32}}},"4":{"name":"(anonymous_5)","decl":{"start":{"line":5,"column":9},"end":{"line":5,"column":16}},"loc":{"start":{"line":5,"column":9},"end":{"line":5,"column":33}}},"5":{"name":"(anonymous_6)","decl":{"start":{"line":6,"column":9},"end":{"line":6,"column":16}},"loc":{"start":{"line":6,"column":9},"end":{"line":6,"column":31}}},"6":{"name":"(anonymous_7)","decl":{"start":{"line":7,"column":9},"end":{"line":7,"column":16}},"loc":{"start":{"line":7,"column":9},"end":{"line":7,"column":31}}},"7":{"name":"(anonymous_8)","decl":{"start":{"line":8,"column":9},"end":{"line":8,"column":16}},"loc":{"start":{"line":8,"column":9},"end":{"line":8,"column":33}}},"8":{"name":"(anonymous_9)","decl":{"start":{"line":9,"column":9},"end":{"line":9,"column":16}},"loc":{"start":{"line":9,"column":9},"end":{"line":9,"column":37}}},"9":{"name":"(anonymous_10)","decl":{"start":{"line":10,"column":9},"end":{"line":10,"column":16}},"loc":{"start":{"line":10,"column":9},"end":{"line":10,"column":40}}},"10":{"name":"(anonymous_11)","decl":{"start":{"line":11,"column":9},"end":{"line":11,"column":16}},"loc":{"start":{"line":11,"column":9},"end":{"line":11,"column":30}}},"11":{"name":"(anonymous_12)","decl":{"start":{"line":12,"column":9},"end":{"line":12,"column":16}},"loc":{"start":{"line":12,"column":9},"end":{"line":12,"column":35}}}},"branchMap":{},"s":{"0":4,"1":8,"2":4,"3":8,"4":4,"5":8,"6":4,"7":8,"8":4,"9":8,"10":4,"11":8,"12":4,"13":8,"14":4,"15":8,"16":4,"17":8,"18":4,"19":8,"20":4,"21":8,"22":4,"23":8},"f":{"0":4,"1":4,"2":4,"3":4,"4":4,"5":4,"6":4,"7":4,"8":4,"9":4,"10":4,"11":4},"b":{}}
,"/Users/andread/Desktop/Github projects/store-api/routes/orderRoutes.ts": {"path":"/Users/andread/Desktop/Github projects/store-api/routes/orderRoutes.ts","statementMap":{"0":{"start":{"line":1,"column":0},"end":{"line":1,"column":30}},"1":{"start":{"line":2,"column":0},"end":{"line":2,"column":114}},"2":{"start":{"line":4,"column":15},"end":{"line":4,"column":31}},"3":{"start":{"line":6,"column":0},"end":{"line":6,"column":27}},"4":{"start":{"line":7,"column":0},"end":{"line":7,"column":43}},"5":{"start":{"line":8,"column":0},"end":{"line":8,"column":27}},"6":{"start":{"line":9,"column":0},"end":{"line":9,"column":32}},"7":{"start":{"line":10,"column":0},"end":{"line":10,"column":35}},"8":{"start":{"line":12,"column":0},"end":{"line":12,"column":22}}},"fnMap":{},"branchMap":{},"s":{"0":4,"1":4,"2":4,"3":4,"4":4,"5":4,"6":4,"7":4,"8":4},"f":{},"b":{}}
,"/Users/andread/Desktop/Github projects/store-api/routes/productRoutes.ts": {"path":"/Users/andread/Desktop/Github projects/store-api/routes/productRoutes.ts","statementMap":{"0":{"start":{"line":1,"column":0},"end":{"line":1,"column":30}},"1":{"start":{"line":3,"column":0},"end":{"line":3,"column":null}},"2":{"start":{"line":13,"column":15},"end":{"line":13,"column":31}},"3":{"start":{"line":15,"column":0},"end":{"line":15,"column":29}},"4":{"start":{"line":16,"column":0},"end":{"line":16,"column":39}},"5":{"start":{"line":17,"column":0},"end":{"line":17,"column":49}},"6":{"start":{"line":18,"column":0},"end":{"line":18,"column":29}},"7":{"start":{"line":19,"column":0},"end":{"line":19,"column":34}},"8":{"start":{"line":20,"column":0},"end":{"line":20,"column":37}},"9":{"start":{"line":22,"column":0},"end":{"line":22,"column":22}}},"fnMap":{},"branchMap":{},"s":{"0":4,"1":4,"2":4,"3":4,"4":4,"5":4,"6":4,"7":4,"8":4,"9":4},"f":{},"b":{}}
,"/Users/andread/Desktop/Github projects/store-api/routes/productViewRoutes.ts": {"path":"/Users/andread/Desktop/Github projects/store-api/routes/productViewRoutes.ts","statementMap":{"0":{"start":{"line":1,"column":0},"end":{"line":1,"column":30}},"1":{"start":{"line":2,"column":0},"end":{"line":2,"column":95}},"2":{"start":{"line":4,"column":15},"end":{"line":4,"column":31}},"3":{"start":{"line":6,"column":0},"end":{"line":6,"column":48}},"4":{"start":{"line":7,"column":0},"end":{"line":7,"column":33}},"5":{"start":{"line":9,"column":0},"end":{"line":9,"column":22}}},"fnMap":{},"branchMap":{},"s":{"0":4,"1":4,"2":4,"3":4,"4":4,"5":4},"f":{},"b":{}}
,"/Users/andread/Desktop/Github projects/store-api/routes/recommendationRoutes.ts": {"path":"/Users/andread/Desktop/Github projects/store-api/routes/recommendationRoutes.ts","statementMap":{"0":{"start":{"line":1,"column":0},"end":{"line":1,"column":30}},"1":{"start":{"line":3,"column":0},"end":{"line":3,"column":153}},"2":{"start":{"line":5,"column":15},"end":{"line":5,"column":31}},"3":{"start":{"line":7,"column":0},"end":{"line":7,"column":56}},"4":{"start":{"line":8,"column":0},"end":{"line":8,"column":71}},"5":{"start":{"line":9,"column":0},"end":{"line":9,"column":69}},"6":{"start":{"line":11,"column":0},"end":{"line":11,"column":22}}},"fnMap":{},"branchMap":{},"s":{"0":4,"1":4,"2":4,"3":4,"4":4,"5":4,"6":4},"f":{},"b":{}}
,"/Users/andread/Desktop/Github projects/store-api/routes/userRoutes.ts": {"path":"/Users/andread/Desktop/Github projects/store-api/routes/userRoutes.ts","statementMap":{"0":{"start":{"line":1,"column":0},"end":{"line":1,"column":30}},"1":{"start":{"line":3,"column":0},"end":{"line":3,"column":90}},"2":{"start":{"line":5,"column":15},"end":{"line":5,"column":31}},"3":{"start":{"line":7,"column":0},"end":{"line":7,"column":26}},"4":{"start":{"line":8,"column":0},"end":{"line":8,"column":26}},"5":{"start":{"line":9,"column":0},"end":{"line":9,"column":31}},"6":{"start":{"line":10,"column":0},"end":{"line":10,"column":34}},"7":{"start":{"line":12,"column":0},"end":{"line":12,"column":22}}},"fnMap":{},"branchMap":{},"s":{"0":4,"1":4,"2":4,"3":4,"4":4,"5":4,"6":4,"7":4},"f":{},"b":{}}
,"/Users/andread/Desktop/Github projects/store-api/utils/errors.ts": {"path":"/Users/andread/Desktop/Github projects/store-api/utils/errors.ts","statementMap":{"0":{"start":{"line":5,"column":8},"end":{"line":5,"column":23}},"1":{"start":{"line":6,"column":8},"end":{"line":6,"column":37}},"2":{"start":{"line":7,"column":8},"end":{"line":7,"column":42}},"3":{"start":{"line":8,"column":8},"end":{"line":8,"column":56}},"4":{"start":{"line":1,"column":0},"end":{"line":1,"column":13}},"5":{"start":{"line":14,"column":8},"end":{"line":14,"column":28}},"6":{"start":{"line":12,"column":0},"end":{"line":12,"column":13}},"7":{"start":{"line":20,"column":8},"end":{"line":20,"column":28}},"8":{"start":{"line":18,"column":0},"end":{"line":18,"column":13}},"9":{"start":{"line":26,"column":8},"end":{"line":26,"column":28}},"10":{"start":{"line":24,"column":0},"end":{"line":24,"column":13}},"11":{"start":{"line":32,"column":8},"end":{"line":32,"column":28}},"12":{"start":{"line":30,"column":0},"end":{"line":30,"column":13}},"13":{"start":{"line":38,"column":8},"end":{"line":38,"column":28}},"14":{"start":{"line":36,"column":0},"end":{"line":36,"column":13}},"15":{"start":{"line":44,"column":8},"end":{"line":44,"column":28}},"16":{"start":{"line":42,"column":0},"end":{"line":42,"column":13}}},"fnMap":{"0":{"name":"(anonymous_0)","decl":{"start":{"line":4,"column":4},"end":{"line":4,"column":16}},"loc":{"start":{"line":4,"column":51},"end":{"line":9,"column":5}}},"1":{"name":"(anonymous_1)","decl":{"start":{"line":13,"column":4},"end":{"line":13,"column":16}},"loc":{"start":{"line":13,"column":47},"end":{"line":15,"column":5}}},"2":{"name":"(anonymous_2)","decl":{"start":{"line":19,"column":4},"end":{"line":19,"column":16}},"loc":{"start":{"line":19,"column":48},"end":{"line":21,"column":5}}},"3":{"name":"(anonymous_3)","decl":{"start":{"line":25,"column":4},"end":{"line":25,"column":16}},"loc":{"start":{"line":25,"column":45},"end":{"line":27,"column":5}}},"4":{"name":"(anonymous_4)","decl":{"start":{"line":31,"column":4},"end":{"line":31,"column":16}},"loc":{"start":{"line":31,"column":54},"end":{"line":33,"column":5}}},"5":{"name":"(anonymous_5)","decl":{"start":{"line":37,"column":4},"end":{"line":37,"column":16}},"loc":{"start":{"line":37,"column":44},"end":{"line":39,"column":5}}},"6":{"name":"(anonymous_6)","decl":{"start":{"line":43,"column":4},"end":{"line":43,"column":16}},"loc":{"start":{"line":43,"column":57},"end":{"line":45,"column":5}}}},"branchMap":{"0":{"loc":{"start":{"line":13,"column":16},"end":{"line":13,"column":47}},"type":"default-arg","locations":[{"start":{"line":13,"column":34},"end":{"line":13,"column":47}}]},"1":{"loc":{"start":{"line":19,"column":16},"end":{"line":19,"column":48}},"type":"default-arg","locations":[{"start":{"line":19,"column":34},"end":{"line":19,"column":48}}]},"2":{"loc":{"start":{"line":25,"column":16},"end":{"line":25,"column":45}},"type":"default-arg","locations":[{"start":{"line":25,"column":34},"end":{"line":25,"column":45}}]},"3":{"loc":{"start":{"line":31,"column":16},"end":{"line":31,"column":54}},"type":"default-arg","locations":[{"start":{"line":31,"column":34},"end":{"line":31,"column":54}}]},"4":{"loc":{"start":{"line":37,"column":16},"end":{"line":37,"column":44}},"type":"default-arg","locations":[{"start":{"line":37,"column":34},"end":{"line":37,"column":44}}]},"5":{"loc":{"start":{"line":43,"column":16},"end":{"line":43,"column":57}},"type":"default-arg","locations":[{"start":{"line":43,"column":34},"end":{"line":43,"column":57}}]}},"s":{"0":4,"1":4,"2":4,"3":4,"4":4,"5":2,"6":4,"7":2,"8":4,"9":0,"10":4,"11":0,"12":4,"13":0,"14":4,"15":0,"16":4},"f":{"0":4,"1":2,"2":2,"3":0,"4":0,"5":0,"6":0},"b":{"0":[0],"1":[0],"2":[0],"3":[0],"4":[0],"5":[0]}}
,"/Users/andread/Desktop/Github projects/store-api/utils/index.ts": {"path":"/Users/andread/Desktop/Github projects/store-api/utils/index.ts","statementMap":{"0":{"start":{"line":1,"column":0},"end":{"line":1,"column":25}}},"fnMap":{},"branchMap":{},"s":{"0":4},"f":{},"b":{}}
}
