TN:
SF:app.ts
FN:38,(anonymous_1)
FNF:1
FNH:1
FNDA:13,(anonymous_1)
DA:1,12
DA:2,12
DA:4,12
DA:19,12
DA:21,12
DA:22,12
DA:24,12
DA:25,12
DA:26,12
DA:27,12
DA:28,12
DA:29,12
DA:30,12
DA:31,12
DA:32,12
DA:33,12
DA:34,12
DA:35,12
DA:38,12
DA:39,13
DA:40,13
DA:41,13
DA:42,13
DA:45,12
LF:24
LH:24
BRDA:40,0,0,13
BRDA:40,0,1,1
BRDA:41,1,0,13
BRDA:41,1,1,0
BRF:4
BRH:3
end_of_record
TN:
SF:controllers/addressController.ts
FN:6,(anonymous_1)
FN:15,(anonymous_2)
FN:25,(anonymous_3)
FN:46,(anonymous_4)
FN:68,(anonymous_5)
FN:84,(anonymous_6)
FNF:6
FNH:6
FNDA:1,(anonymous_1)
FNDA:1,(anonymous_2)
FNDA:2,(anonymous_3)
FNDA:9,(anonymous_4)
FNDA:1,(anonymous_5)
FNDA:2,(anonymous_6)
DA:2,12
DA:3,12
DA:4,12
DA:6,12
DA:7,1
DA:8,1
DA:9,1
DA:11,0
DA:15,12
DA:16,1
DA:17,1
DA:18,1
DA:19,1
DA:21,0
DA:25,12
DA:26,2
DA:27,2
DA:29,2
DA:30,1
DA:33,1
DA:34,1
DA:46,1
DA:47,9
DA:48,1
DA:52,1
DA:58,1
DA:59,0
DA:62,1
DA:64,1
DA:68,12
DA:69,1
DA:70,1
DA:72,1
DA:76,1
DA:78,1
DA:80,0
DA:84,12
DA:85,2
DA:86,2
DA:88,2
DA:89,1
DA:92,1
DA:93,1
DA:94,0
DA:97,1
DA:99,1
LF:46
LH:41
BRDA:29,0,0,1
BRDA:29,0,1,1
BRDA:47,1,0,1
BRDA:47,1,1,8
BRDA:58,2,0,0
BRDA:58,2,1,1
BRDA:88,3,0,1
BRDA:88,3,1,1
BRDA:93,4,0,0
BRDA:93,4,1,1
BRF:10
BRH:8
end_of_record
TN:
SF:controllers/analyticsController.ts
FN:6,(anonymous_1)
FN:25,(anonymous_2)
FN:33,(anonymous_3)
FN:34,(anonymous_4)
FN:40,(anonymous_5)
FNF:5
FNH:5
FNDA:3,(anonymous_1)
FNDA:6,(anonymous_2)
FNDA:6,(anonymous_3)
FNDA:7,(anonymous_4)
FNDA:6,(anonymous_5)
DA:2,12
DA:3,12
DA:4,12
DA:6,12
DA:7,3
DA:8,3
DA:9,3
DA:12,3
DA:25,6
DA:26,3
DA:32,3
DA:34,7
DA:35,6
DA:40,6
DA:42,3
DA:44,0
LF:16
LH:15
BRDA:9,0,0,2
BRDA:9,0,1,1
BRDA:9,1,0,0
BRDA:9,1,1,2
BRDA:35,2,0,4
BRDA:35,2,1,2
BRF:6
BRH:5
end_of_record
TN:
SF:controllers/authController.ts
FN:8,(anonymous_1)
FNF:1
FNH:1
FNDA:3,(anonymous_1)
DA:1,12
DA:3,12
DA:5,12
DA:6,12
DA:8,12
DA:9,3
DA:10,3
DA:13,3
DA:14,3
DA:15,1
DA:19,2
DA:20,2
DA:21,1
DA:25,1
DA:32,1
DA:34,1
DA:36,2
LF:17
LH:17
BRDA:14,0,0,1
BRDA:14,0,1,2
BRDA:20,1,0,1
BRDA:20,1,1,1
BRF:4
BRH:4
end_of_record
TN:
SF:controllers/categoryController.ts
FN:5,(anonymous_1)
FN:14,(anonymous_2)
FNF:2
FNH:2
FNDA:1,(anonymous_1)
FNDA:3,(anonymous_2)
DA:3,12
DA:5,12
DA:6,1
DA:7,1
DA:8,1
DA:10,0
DA:14,12
DA:15,3
DA:16,3
DA:17,3
DA:18,2
DA:20,1
LF:12
LH:11
BRF:0
BRH:0
end_of_record
TN:
SF:controllers/customController.ts
FN:4,(anonymous_1)
FN:15,(anonymous_2)
FNF:2
FNH:2
FNDA:3,(anonymous_1)
FNDA:3,(anonymous_2)
DA:2,12
DA:4,12
DA:5,3
DA:6,3
DA:7,3
DA:8,3
DA:9,3
DA:11,0
DA:15,12
DA:16,3
DA:17,3
DA:18,3
DA:20,3
DA:21,1
DA:24,2
DA:25,2
DA:26,2
DA:27,2
DA:29,2
DA:35,2
DA:37,0
LF:21
LH:19
BRDA:7,0,0,1
BRDA:7,0,1,2
BRDA:20,1,0,1
BRDA:20,1,1,2
BRDA:20,2,0,3
BRDA:20,2,1,3
BRDA:20,2,2,1
BRDA:20,2,3,1
BRDA:25,3,0,2
BRDA:25,3,1,0
BRDA:26,4,0,0
BRDA:26,4,1,2
BRDA:27,5,0,0
BRDA:27,5,1,2
BRF:14
BRH:11
end_of_record
TN:
SF:controllers/generalController.ts
FN:5,(anonymous_1)
FN:14,(anonymous_2)
FNF:2
FNH:2
FNDA:1,(anonymous_1)
FNDA:1,(anonymous_2)
DA:3,12
DA:5,12
DA:6,1
DA:7,1
DA:8,1
DA:10,0
DA:14,12
DA:15,1
DA:16,1
DA:17,1
DA:19,0
LF:11
LH:9
BRF:0
BRH:0
end_of_record
TN:
SF:controllers/imageController.ts
FN:19,uploadImageToS3
FN:39,(anonymous_1)
FN:53,updateImageNameInS3
FN:75,deleteOldImageFromS3
FN:93,(anonymous_4)
FN:109,(anonymous_5)
FNF:6
FNH:6
FNDA:1,uploadImageToS3
FNDA:2,(anonymous_1)
FNDA:1,updateImageNameInS3
FNDA:1,deleteOldImageFromS3
FNDA:2,(anonymous_4)
FNDA:2,(anonymous_5)
DA:2,12
DA:3,12
DA:5,12
DA:6,12
DA:8,12
DA:20,1
DA:28,1
DA:29,1
DA:30,1
DA:32,1
DA:34,0
DA:35,0
DA:39,12
DA:40,2
DA:41,2
DA:42,1
DA:45,1
DA:47,1
DA:49,1
DA:54,1
DA:56,1
DA:63,1
DA:64,1
DA:65,1
DA:67,1
DA:69,1
DA:71,0
DA:76,1
DA:78,1
DA:83,1
DA:84,1
DA:85,1
DA:87,1
DA:89,0
DA:93,12
DA:94,2
DA:95,2
DA:97,2
DA:98,1
DA:101,1
DA:103,1
DA:105,1
DA:109,12
DA:110,2
DA:111,2
DA:113,2
DA:114,1
DA:117,1
DA:119,1
DA:121,1
LF:50
LH:46
BRDA:41,0,0,1
BRDA:41,0,1,1
BRDA:54,1,0,1
BRDA:54,1,1,0
BRDA:97,2,0,1
BRDA:97,2,1,1
BRDA:97,3,0,2
BRDA:97,3,1,1
BRDA:97,3,2,1
BRDA:113,4,0,1
BRDA:113,4,1,1
BRDA:113,5,0,2
BRDA:113,5,1,1
BRF:13
BRH:12
end_of_record
TN:
SF:controllers/ordersController.ts
FN:6,(anonymous_1)
FN:15,(anonymous_2)
FN:25,(anonymous_3)
FN:44,(anonymous_4)
FN:66,(anonymous_5)
FN:89,(anonymous_6)
FNF:6
FNH:6
FNDA:1,(anonymous_1)
FNDA:1,(anonymous_2)
FNDA:2,(anonymous_3)
FNDA:7,(anonymous_4)
FNDA:1,(anonymous_5)
FNDA:2,(anonymous_6)
DA:2,12
DA:3,12
DA:4,12
DA:6,12
DA:7,1
DA:8,1
DA:9,1
DA:11,0
DA:15,12
DA:16,1
DA:17,1
DA:18,1
DA:19,1
DA:21,0
DA:25,12
DA:26,2
DA:27,2
DA:29,2
DA:30,1
DA:33,1
DA:34,1
DA:44,1
DA:45,7
DA:46,1
DA:50,1
DA:56,1
DA:57,0
DA:60,1
DA:62,1
DA:66,12
DA:67,1
DA:68,1
DA:70,1
DA:81,1
DA:83,1
DA:85,0
DA:89,12
DA:90,2
DA:91,2
DA:93,2
DA:94,1
DA:97,1
DA:98,1
DA:99,0
DA:102,1
DA:104,1
LF:46
LH:41
BRDA:29,0,0,1
BRDA:29,0,1,1
BRDA:45,1,0,1
BRDA:45,1,1,6
BRDA:56,2,0,0
BRDA:56,2,1,1
BRDA:93,3,0,1
BRDA:93,3,1,1
BRDA:98,4,0,0
BRDA:98,4,1,1
BRF:10
BRH:8
end_of_record
TN:
SF:controllers/productController.ts
FN:7,(anonymous_1)
FN:100,(anonymous_2)
FN:116,(anonymous_3)
FN:125,(anonymous_4)
FN:135,(anonymous_5)
FN:145,(anonymous_6)
FN:171,(anonymous_7)
FN:193,(anonymous_8)
FN:219,(anonymous_9)
FNF:9
FNH:8
FNDA:7,(anonymous_1)
FNDA:0,(anonymous_2)
FNDA:1,(anonymous_3)
FNDA:1,(anonymous_4)
FNDA:1,(anonymous_5)
FNDA:1,(anonymous_6)
FNDA:11,(anonymous_7)
FNDA:1,(anonymous_8)
FNDA:1,(anonymous_9)
DA:2,12
DA:4,12
DA:5,12
DA:7,12
DA:8,7
DA:9,7
DA:11,7
DA:13,7
DA:14,1
DA:17,7
DA:18,1
DA:22,7
DA:23,1
DA:24,6
DA:25,0
DA:29,7
DA:30,1
DA:49,1
DA:50,1
DA:54,7
DA:55,1
DA:68,1
DA:69,1
DA:70,6
DA:71,1
DA:86,1
DA:87,1
DA:91,7
DA:93,0
DA:94,0
DA:95,0
DA:97,0
DA:100,0
DA:101,0
DA:102,0
DA:103,0
DA:104,0
DA:108,7
DA:110,7
DA:112,0
DA:116,12
DA:117,1
DA:118,1
DA:120,1
DA:121,0
DA:124,1
DA:125,1
DA:127,1
DA:129,1
DA:131,0
DA:135,12
DA:136,1
DA:137,1
DA:138,1
DA:139,1
DA:141,0
DA:145,12
DA:146,1
DA:147,1
DA:149,1
DA:150,0
DA:153,1
DA:157,1
DA:171,1
DA:172,11
DA:173,1
DA:177,1
DA:183,1
DA:184,0
DA:187,1
DA:189,0
DA:193,12
DA:194,1
DA:195,1
DA:197,1
DA:211,1
DA:213,1
DA:215,0
DA:219,12
DA:220,1
DA:221,1
DA:223,1
DA:224,0
DA:227,1
DA:228,1
DA:229,0
DA:232,1
DA:234,0
LF:88
LH:67
BRDA:13,0,0,1
BRDA:13,0,1,6
BRDA:17,1,0,1
BRDA:17,1,1,6
BRDA:22,2,0,1
BRDA:22,2,1,6
BRDA:24,3,0,0
BRDA:24,3,1,6
BRDA:29,4,0,1
BRDA:29,4,1,6
BRDA:29,5,0,7
BRDA:29,5,1,6
BRDA:35,6,0,1
BRDA:35,6,1,1
BRDA:36,7,0,1
BRDA:36,7,1,1
BRDA:43,8,0,1
BRDA:43,8,1,1
BRDA:44,9,0,1
BRDA:44,9,1,1
BRDA:49,10,0,1
BRDA:49,10,1,1
BRDA:54,11,0,1
BRDA:54,11,1,6
BRDA:68,12,0,1
BRDA:68,12,1,1
BRDA:70,13,0,1
BRDA:70,13,1,5
BRDA:86,14,0,1
BRDA:86,14,1,1
BRDA:91,15,0,0
BRDA:91,15,1,7
BRDA:94,16,0,0
BRDA:94,16,1,0
BRDA:101,17,0,0
BRDA:101,17,1,0
BRDA:102,18,0,0
BRDA:102,18,1,0
BRDA:103,19,0,0
BRDA:103,19,1,0
BRDA:120,20,0,0
BRDA:120,20,1,1
BRDA:149,21,0,0
BRDA:149,21,1,1
BRDA:172,22,0,1
BRDA:172,22,1,10
BRDA:183,23,0,0
BRDA:183,23,1,1
BRDA:223,24,0,0
BRDA:223,24,1,1
BRDA:228,25,0,0
BRDA:228,25,1,1
BRF:52
BRH:37
end_of_record
TN:
SF:controllers/productViewController.ts
FN:4,(anonymous_1)
FN:10,(anonymous_2)
FNF:2
FNH:2
FNDA:1,(anonymous_1)
FNDA:1,(anonymous_2)
DA:2,12
DA:4,12
DA:5,1
DA:6,1
DA:7,1
DA:10,12
DA:11,1
DA:12,1
DA:13,1
LF:9
LH:9
BRF:0
BRH:0
end_of_record
TN:
SF:controllers/recommendationController.ts
FN:7,(anonymous_1)
FN:15,(anonymous_2)
FN:16,(anonymous_3)
FN:23,(anonymous_4)
FN:24,(anonymous_5)
FN:32,(anonymous_6)
FN:34,(anonymous_7)
FN:42,(anonymous_8)
FN:50,(anonymous_9)
FN:51,(anonymous_10)
FN:59,(anonymous_11)
FN:61,(anonymous_12)
FN:69,(anonymous_13)
FN:77,(anonymous_14)
FN:83,(anonymous_15)
FN:84,(anonymous_16)
FN:92,(anonymous_17)
FN:94,(anonymous_18)
FNF:18
FNH:18
FNDA:1,(anonymous_1)
FNDA:1,(anonymous_2)
FNDA:2,(anonymous_3)
FNDA:2,(anonymous_4)
FNDA:4,(anonymous_5)
FNDA:2,(anonymous_6)
FNDA:3,(anonymous_7)
FNDA:1,(anonymous_8)
FNDA:1,(anonymous_9)
FNDA:2,(anonymous_10)
FNDA:1,(anonymous_11)
FNDA:2,(anonymous_12)
FNDA:1,(anonymous_13)
FNDA:2,(anonymous_14)
FNDA:2,(anonymous_15)
FNDA:4,(anonymous_16)
FNDA:2,(anonymous_17)
FNDA:3,(anonymous_18)
DA:2,12
DA:3,12
DA:4,12
DA:5,12
DA:7,12
DA:8,1
DA:9,1
DA:12,1
DA:15,1
DA:16,2
DA:20,1
DA:23,1
DA:24,2
DA:25,4
DA:27,2
DA:31,1
DA:32,2
DA:34,3
DA:36,1
DA:38,0
DA:42,12
DA:43,1
DA:44,1
DA:47,1
DA:50,1
DA:51,1
DA:52,2
DA:54,1
DA:58,1
DA:59,1
DA:61,2
DA:63,1
DA:65,0
DA:69,12
DA:70,1
DA:71,1
DA:74,1
DA:77,2
DA:80,1
DA:83,1
DA:84,2
DA:85,4
DA:87,2
DA:91,1
DA:92,2
DA:94,3
DA:96,1
DA:98,0
LF:48
LH:45
BRDA:25,0,0,4
BRDA:25,0,1,3
BRDA:52,1,0,2
BRDA:52,1,1,2
BRDA:85,2,0,4
BRDA:85,2,1,3
BRF:6
BRH:6
end_of_record
TN:
SF:controllers/userController.ts
FN:8,(anonymous_1)
FN:17,(anonymous_2)
FN:44,(anonymous_3)
FN:77,(anonymous_4)
FNF:4
FNH:4
FNDA:1,(anonymous_1)
FNDA:2,(anonymous_2)
FNDA:2,(anonymous_3)
FNDA:2,(anonymous_4)
DA:1,12
DA:3,12
DA:4,12
DA:6,12
DA:8,12
DA:9,1
DA:10,1
DA:11,1
DA:13,0
DA:17,12
DA:18,2
DA:19,2
DA:21,2
DA:22,1
DA:25,1
DA:26,1
DA:28,1
DA:36,1
DA:38,1
DA:40,1
DA:44,12
DA:45,2
DA:46,2
DA:48,2
DA:49,1
DA:52,1
DA:54,1
DA:55,1
DA:56,1
DA:57,1
DA:58,1
DA:59,1
DA:61,1
DA:67,1
DA:68,0
DA:71,1
DA:73,1
DA:77,12
DA:78,2
DA:79,2
DA:81,2
DA:82,1
DA:85,1
DA:86,1
DA:87,0
DA:90,1
DA:92,1
LF:47
LH:44
BRDA:21,0,0,1
BRDA:21,0,1,1
BRDA:26,1,0,1
BRDA:26,1,1,0
BRDA:48,2,0,1
BRDA:48,2,1,1
BRDA:55,3,0,1
BRDA:55,3,1,0
BRDA:56,4,0,0
BRDA:56,4,1,1
BRDA:57,5,0,0
BRDA:57,5,1,1
BRDA:58,6,0,0
BRDA:58,6,1,1
BRDA:59,7,0,1
BRDA:59,7,1,0
BRDA:67,8,0,0
BRDA:67,8,1,1
BRDA:81,9,0,1
BRDA:81,9,1,1
BRDA:86,10,0,0
BRDA:86,10,1,1
BRF:22
BRH:14
end_of_record
TN:
SF:models/Address.ts
FNF:0
FNH:0
DA:1,12
DA:15,12
DA:27,12
LF:3
LH:3
BRF:0
BRH:0
end_of_record
TN:
SF:models/Category.ts
FNF:0
FNH:0
DA:1,12
DA:10,12
DA:17,12
LF:3
LH:3
BRF:0
BRH:0
end_of_record
TN:
SF:models/Custom.ts
FNF:0
FNH:0
DA:1,12
DA:10,12
DA:17,12
LF:3
LH:3
BRF:0
BRH:0
end_of_record
TN:
SF:models/Image.ts
FNF:0
FNH:0
DA:1,12
DA:9,12
DA:15,12
LF:3
LH:3
BRF:0
BRH:0
end_of_record
TN:
SF:models/Order.ts
FNF:0
FNH:0
DA:1,12
DA:35,12
DA:46,12
LF:3
LH:3
BRF:0
BRH:0
end_of_record
TN:
SF:models/Product.ts
FNF:0
FNH:0
DA:1,12
DA:24,12
DA:40,12
LF:3
LH:3
BRF:0
BRH:0
end_of_record
TN:
SF:models/ProductView.ts
FNF:0
FNH:0
DA:1,12
DA:9,12
DA:15,12
LF:3
LH:3
BRF:0
BRH:0
end_of_record
TN:
SF:models/User.ts
FNF:0
FNH:0
DA:1,12
DA:13,12
DA:23,12
LF:3
LH:3
BRF:0
BRH:0
end_of_record
TN:
SF:routes/addressRoutes.ts
FNF:0
FNH:0
DA:1,12
DA:3,12
DA:11,12
DA:13,12
DA:14,12
DA:15,12
DA:16,12
DA:17,12
DA:19,12
LF:9
LH:9
BRF:0
BRH:0
end_of_record
TN:
SF:routes/analyticsRoutes.ts
FNF:0
FNH:0
DA:1,12
DA:2,12
DA:4,12
DA:6,12
DA:8,12
LF:5
LH:5
BRF:0
BRH:0
end_of_record
TN:
SF:routes/authRoutes.ts
FNF:0
FNH:0
DA:1,12
DA:2,12
DA:4,12
DA:6,12
DA:8,12
LF:5
LH:5
BRF:0
BRH:0
end_of_record
TN:
SF:routes/categoryRoutes.ts
FNF:0
FNH:0
DA:1,12
DA:3,12
DA:5,12
DA:7,12
DA:8,12
DA:10,12
LF:6
LH:6
BRF:0
BRH:0
end_of_record
TN:
SF:routes/customRoutes.ts
FNF:0
FNH:0
DA:1,12
DA:2,12
DA:4,12
DA:6,12
DA:7,12
DA:8,12
DA:10,12
LF:7
LH:7
BRF:0
BRH:0
end_of_record
TN:
SF:routes/generalRoutes.ts
FNF:0
FNH:0
DA:1,12
DA:3,12
DA:5,12
DA:7,12
DA:8,12
DA:11,12
LF:6
LH:6
BRF:0
BRH:0
end_of_record
TN:
SF:routes/imageRoutes.ts
FNF:0
FNH:0
DA:1,12
DA:3,12
DA:5,12
DA:7,12
DA:8,12
DA:10,12
DA:11,12
DA:12,12
DA:14,12
LF:9
LH:9
BRF:0
BRH:0
end_of_record
TN:
SF:routes/index.ts
FN:1,(anonymous_1)
FN:2,(anonymous_2)
FN:3,(anonymous_3)
FN:4,(anonymous_4)
FN:5,(anonymous_5)
FN:6,(anonymous_6)
FN:7,(anonymous_7)
FN:8,(anonymous_8)
FN:9,(anonymous_9)
FN:10,(anonymous_10)
FN:11,(anonymous_11)
FN:12,(anonymous_12)
FNF:12
FNH:12
FNDA:12,(anonymous_1)
FNDA:12,(anonymous_2)
FNDA:12,(anonymous_3)
FNDA:12,(anonymous_4)
FNDA:12,(anonymous_5)
FNDA:12,(anonymous_6)
FNDA:12,(anonymous_7)
FNDA:12,(anonymous_8)
FNDA:12,(anonymous_9)
FNDA:12,(anonymous_10)
FNDA:12,(anonymous_11)
FNDA:12,(anonymous_12)
DA:1,24
DA:2,24
DA:3,24
DA:4,24
DA:5,24
DA:6,24
DA:7,24
DA:8,24
DA:9,24
DA:10,24
DA:11,24
DA:12,24
LF:12
LH:12
BRF:0
BRH:0
end_of_record
TN:
SF:routes/orderRoutes.ts
FNF:0
FNH:0
DA:1,12
DA:2,12
DA:4,12
DA:6,12
DA:7,12
DA:8,12
DA:9,12
DA:10,12
DA:12,12
LF:9
LH:9
BRF:0
BRH:0
end_of_record
TN:
SF:routes/productRoutes.ts
FNF:0
FNH:0
DA:1,12
DA:3,12
DA:13,12
DA:15,12
DA:16,12
DA:17,12
DA:18,12
DA:19,12
DA:20,12
DA:22,12
LF:10
LH:10
BRF:0
BRH:0
end_of_record
TN:
SF:routes/productViewRoutes.ts
FNF:0
FNH:0
DA:1,12
DA:2,12
DA:4,12
DA:6,12
DA:7,12
DA:9,12
LF:6
LH:6
BRF:0
BRH:0
end_of_record
TN:
SF:routes/recommendationRoutes.ts
FNF:0
FNH:0
DA:1,12
DA:3,12
DA:5,12
DA:7,12
DA:8,12
DA:9,12
DA:11,12
LF:7
LH:7
BRF:0
BRH:0
end_of_record
TN:
SF:routes/userRoutes.ts
FNF:0
FNH:0
DA:1,12
DA:3,12
DA:5,12
DA:7,12
DA:8,12
DA:9,12
DA:10,12
DA:12,12
LF:8
LH:8
BRF:0
BRH:0
end_of_record
TN:
SF:utils/errors.ts
FN:4,(anonymous_0)
FN:13,(anonymous_1)
FN:19,(anonymous_2)
FN:25,(anonymous_3)
FN:31,(anonymous_4)
FN:37,(anonymous_5)
FN:43,(anonymous_6)
FNF:7
FNH:3
FNDA:12,(anonymous_0)
FNDA:10,(anonymous_1)
FNDA:2,(anonymous_2)
FNDA:0,(anonymous_3)
FNDA:0,(anonymous_4)
FNDA:0,(anonymous_5)
FNDA:0,(anonymous_6)
DA:1,12
DA:5,12
DA:6,12
DA:7,12
DA:8,12
DA:12,12
DA:14,10
DA:18,12
DA:20,2
DA:24,12
DA:26,0
DA:30,12
DA:32,0
DA:36,12
DA:38,0
DA:42,12
DA:44,0
LF:17
LH:13
BRDA:13,0,0,0
BRDA:19,1,0,0
BRDA:25,2,0,0
BRDA:31,3,0,0
BRDA:37,4,0,0
BRDA:43,5,0,0
BRF:6
BRH:0
end_of_record
TN:
SF:utils/index.ts
FNF:0
FNH:0
DA:1,12
LF:1
LH:1
BRF:0
BRH:0
end_of_record
