TN:
SF:app.ts
FN:38,(anonymous_1)
FNF:1
FNH:1
FNDA:2,(anonymous_1)
DA:1,1
DA:2,1
DA:4,1
DA:19,1
DA:21,1
DA:22,1
DA:24,1
DA:25,1
DA:26,1
DA:27,1
DA:28,1
DA:29,1
DA:30,1
DA:31,1
DA:32,1
DA:33,1
DA:34,1
DA:35,1
DA:38,1
DA:39,2
DA:40,2
DA:41,2
DA:42,2
DA:45,1
LF:24
LH:24
BRDA:40,0,0,2
BRDA:40,0,1,0
BRDA:41,1,0,2
BRDA:41,1,1,0
BRF:4
BRH:2
end_of_record
TN:
SF:controllers/addressController.ts
FN:6,(anonymous_1)
FN:15,(anonymous_2)
FN:25,(anonymous_3)
FN:46,(anonymous_4)
FN:68,(anonymous_5)
FN:84,(anonymous_6)
FNF:6
FNH:6
FNDA:1,(anonymous_1)
FNDA:1,(anonymous_2)
FNDA:2,(anonymous_3)
FNDA:9,(anonymous_4)
FNDA:1,(anonymous_5)
FNDA:2,(anonymous_6)
DA:2,1
DA:3,1
DA:4,1
DA:6,1
DA:7,1
DA:8,1
DA:9,1
DA:11,0
DA:15,1
DA:16,1
DA:17,1
DA:18,1
DA:19,1
DA:21,0
DA:25,1
DA:26,2
DA:27,2
DA:29,2
DA:30,1
DA:33,1
DA:34,1
DA:46,1
DA:47,9
DA:48,1
DA:52,1
DA:58,1
DA:59,0
DA:62,1
DA:64,1
DA:68,1
DA:69,1
DA:70,1
DA:72,1
DA:76,1
DA:78,1
DA:80,0
DA:84,1
DA:85,2
DA:86,2
DA:88,2
DA:89,1
DA:92,1
DA:93,1
DA:94,0
DA:97,1
DA:99,1
LF:46
LH:41
BRDA:29,0,0,1
BRDA:29,0,1,1
BRDA:47,1,0,1
BRDA:47,1,1,8
BRDA:58,2,0,0
BRDA:58,2,1,1
BRDA:88,3,0,1
BRDA:88,3,1,1
BRDA:93,4,0,0
BRDA:93,4,1,1
BRF:10
BRH:8
end_of_record
TN:
SF:controllers/analyticsController.ts
FN:6,(anonymous_1)
FN:25,(anonymous_2)
FN:33,(anonymous_3)
FN:34,(anonymous_4)
FN:40,(anonymous_5)
FNF:5
FNH:0
FNDA:0,(anonymous_1)
FNDA:0,(anonymous_2)
FNDA:0,(anonymous_3)
FNDA:0,(anonymous_4)
FNDA:0,(anonymous_5)
DA:2,1
DA:3,1
DA:4,1
DA:6,1
DA:7,0
DA:8,0
DA:9,0
DA:12,0
DA:25,0
DA:26,0
DA:32,0
DA:34,0
DA:35,0
DA:40,0
DA:42,0
DA:44,0
LF:16
LH:4
BRDA:9,0,0,0
BRDA:9,0,1,0
BRDA:9,1,0,0
BRDA:9,1,1,0
BRDA:35,2,0,0
BRDA:35,2,1,0
BRF:6
BRH:0
end_of_record
TN:
SF:controllers/authController.ts
FN:8,(anonymous_1)
FNF:1
FNH:0
FNDA:0,(anonymous_1)
DA:1,1
DA:3,1
DA:5,1
DA:6,1
DA:8,1
DA:9,0
DA:10,0
DA:13,0
DA:14,0
DA:15,0
DA:19,0
DA:20,0
DA:21,0
DA:25,0
DA:32,0
DA:34,0
DA:36,0
LF:17
LH:5
BRDA:14,0,0,0
BRDA:14,0,1,0
BRDA:20,1,0,0
BRDA:20,1,1,0
BRF:4
BRH:0
end_of_record
TN:
SF:controllers/categoryController.ts
FN:5,(anonymous_1)
FN:14,(anonymous_2)
FNF:2
FNH:0
FNDA:0,(anonymous_1)
FNDA:0,(anonymous_2)
DA:3,1
DA:5,1
DA:6,0
DA:7,0
DA:8,0
DA:10,0
DA:14,1
DA:15,0
DA:16,0
DA:17,0
DA:18,0
DA:20,0
LF:12
LH:3
BRF:0
BRH:0
end_of_record
TN:
SF:controllers/customController.ts
FN:4,(anonymous_1)
FN:15,(anonymous_2)
FNF:2
FNH:0
FNDA:0,(anonymous_1)
FNDA:0,(anonymous_2)
DA:2,1
DA:4,1
DA:5,0
DA:6,0
DA:7,0
DA:8,0
DA:9,0
DA:11,0
DA:15,1
DA:16,0
DA:17,0
DA:18,0
DA:20,0
DA:21,0
DA:24,0
DA:25,0
DA:26,0
DA:27,0
DA:29,0
DA:35,0
DA:37,0
LF:21
LH:3
BRDA:7,0,0,0
BRDA:7,0,1,0
BRDA:20,1,0,0
BRDA:20,1,1,0
BRDA:20,2,0,0
BRDA:20,2,1,0
BRDA:20,2,2,0
BRDA:20,2,3,0
BRDA:25,3,0,0
BRDA:25,3,1,0
BRDA:26,4,0,0
BRDA:26,4,1,0
BRDA:27,5,0,0
BRDA:27,5,1,0
BRF:14
BRH:0
end_of_record
TN:
SF:controllers/generalController.ts
FN:5,(anonymous_1)
FN:14,(anonymous_2)
FNF:2
FNH:0
FNDA:0,(anonymous_1)
FNDA:0,(anonymous_2)
DA:3,1
DA:5,1
DA:6,0
DA:7,0
DA:8,0
DA:10,0
DA:14,1
DA:15,0
DA:16,0
DA:17,0
DA:19,0
LF:11
LH:3
BRF:0
BRH:0
end_of_record
TN:
SF:controllers/imageController.ts
FN:19,uploadImageToS3
FN:39,(anonymous_1)
FN:53,updateImageNameInS3
FN:75,deleteOldImageFromS3
FN:93,(anonymous_4)
FN:109,(anonymous_5)
FNF:6
FNH:0
FNDA:0,uploadImageToS3
FNDA:0,(anonymous_1)
FNDA:0,updateImageNameInS3
FNDA:0,deleteOldImageFromS3
FNDA:0,(anonymous_4)
FNDA:0,(anonymous_5)
DA:2,1
DA:3,1
DA:5,1
DA:6,1
DA:8,1
DA:20,0
DA:28,0
DA:29,0
DA:30,0
DA:32,0
DA:34,0
DA:35,0
DA:39,1
DA:40,0
DA:41,0
DA:42,0
DA:45,0
DA:47,0
DA:49,0
DA:54,0
DA:56,0
DA:63,0
DA:64,0
DA:65,0
DA:67,0
DA:69,0
DA:71,0
DA:76,0
DA:78,0
DA:83,0
DA:84,0
DA:85,0
DA:87,0
DA:89,0
DA:93,1
DA:94,0
DA:95,0
DA:97,0
DA:98,0
DA:101,0
DA:103,0
DA:105,0
DA:109,1
DA:110,0
DA:111,0
DA:113,0
DA:114,0
DA:117,0
DA:119,0
DA:121,0
LF:50
LH:8
BRDA:41,0,0,0
BRDA:41,0,1,0
BRDA:54,1,0,0
BRDA:54,1,1,0
BRDA:97,2,0,0
BRDA:97,2,1,0
BRDA:97,3,0,0
BRDA:97,3,1,0
BRDA:97,3,2,0
BRDA:113,4,0,0
BRDA:113,4,1,0
BRDA:113,5,0,0
BRDA:113,5,1,0
BRF:13
BRH:0
end_of_record
TN:
SF:controllers/ordersController.ts
FN:6,(anonymous_1)
FN:15,(anonymous_2)
FN:25,(anonymous_3)
FN:44,(anonymous_4)
FN:66,(anonymous_5)
FN:89,(anonymous_6)
FNF:6
FNH:0
FNDA:0,(anonymous_1)
FNDA:0,(anonymous_2)
FNDA:0,(anonymous_3)
FNDA:0,(anonymous_4)
FNDA:0,(anonymous_5)
FNDA:0,(anonymous_6)
DA:2,1
DA:3,1
DA:4,1
DA:6,1
DA:7,0
DA:8,0
DA:9,0
DA:11,0
DA:15,1
DA:16,0
DA:17,0
DA:18,0
DA:19,0
DA:21,0
DA:25,1
DA:26,0
DA:27,0
DA:29,0
DA:30,0
DA:33,0
DA:34,0
DA:44,0
DA:45,0
DA:46,0
DA:50,0
DA:56,0
DA:57,0
DA:60,0
DA:62,0
DA:66,1
DA:67,0
DA:68,0
DA:70,0
DA:81,0
DA:83,0
DA:85,0
DA:89,1
DA:90,0
DA:91,0
DA:93,0
DA:94,0
DA:97,0
DA:98,0
DA:99,0
DA:102,0
DA:104,0
LF:46
LH:8
BRDA:29,0,0,0
BRDA:29,0,1,0
BRDA:45,1,0,0
BRDA:45,1,1,0
BRDA:56,2,0,0
BRDA:56,2,1,0
BRDA:93,3,0,0
BRDA:93,3,1,0
BRDA:98,4,0,0
BRDA:98,4,1,0
BRF:10
BRH:0
end_of_record
TN:
SF:controllers/productController.ts
FN:7,(anonymous_1)
FN:100,(anonymous_2)
FN:116,(anonymous_3)
FN:125,(anonymous_4)
FN:135,(anonymous_5)
FN:145,(anonymous_6)
FN:171,(anonymous_7)
FN:193,(anonymous_8)
FN:219,(anonymous_9)
FNF:9
FNH:0
FNDA:0,(anonymous_1)
FNDA:0,(anonymous_2)
FNDA:0,(anonymous_3)
FNDA:0,(anonymous_4)
FNDA:0,(anonymous_5)
FNDA:0,(anonymous_6)
FNDA:0,(anonymous_7)
FNDA:0,(anonymous_8)
FNDA:0,(anonymous_9)
DA:2,1
DA:4,1
DA:5,1
DA:7,1
DA:8,0
DA:9,0
DA:11,0
DA:13,0
DA:14,0
DA:17,0
DA:18,0
DA:22,0
DA:23,0
DA:24,0
DA:25,0
DA:29,0
DA:30,0
DA:49,0
DA:50,0
DA:54,0
DA:55,0
DA:68,0
DA:69,0
DA:70,0
DA:71,0
DA:86,0
DA:87,0
DA:91,0
DA:93,0
DA:94,0
DA:95,0
DA:97,0
DA:100,0
DA:101,0
DA:102,0
DA:103,0
DA:104,0
DA:108,0
DA:110,0
DA:112,0
DA:116,1
DA:117,0
DA:118,0
DA:120,0
DA:121,0
DA:124,0
DA:125,0
DA:127,0
DA:129,0
DA:131,0
DA:135,1
DA:136,0
DA:137,0
DA:138,0
DA:139,0
DA:141,0
DA:145,1
DA:146,0
DA:147,0
DA:149,0
DA:150,0
DA:153,0
DA:157,0
DA:171,0
DA:172,0
DA:173,0
DA:177,0
DA:183,0
DA:184,0
DA:187,0
DA:189,0
DA:193,1
DA:194,0
DA:195,0
DA:197,0
DA:211,0
DA:213,0
DA:215,0
DA:219,1
DA:220,0
DA:221,0
DA:223,0
DA:224,0
DA:227,0
DA:228,0
DA:229,0
DA:232,0
DA:234,0
LF:88
LH:9
BRDA:13,0,0,0
BRDA:13,0,1,0
BRDA:17,1,0,0
BRDA:17,1,1,0
BRDA:22,2,0,0
BRDA:22,2,1,0
BRDA:24,3,0,0
BRDA:24,3,1,0
BRDA:29,4,0,0
BRDA:29,4,1,0
BRDA:29,5,0,0
BRDA:29,5,1,0
BRDA:35,6,0,0
BRDA:35,6,1,0
BRDA:36,7,0,0
BRDA:36,7,1,0
BRDA:43,8,0,0
BRDA:43,8,1,0
BRDA:44,9,0,0
BRDA:44,9,1,0
BRDA:49,10,0,0
BRDA:49,10,1,0
BRDA:54,11,0,0
BRDA:54,11,1,0
BRDA:68,12,0,0
BRDA:68,12,1,0
BRDA:70,13,0,0
BRDA:70,13,1,0
BRDA:86,14,0,0
BRDA:86,14,1,0
BRDA:91,15,0,0
BRDA:91,15,1,0
BRDA:94,16,0,0
BRDA:94,16,1,0
BRDA:101,17,0,0
BRDA:101,17,1,0
BRDA:102,18,0,0
BRDA:102,18,1,0
BRDA:103,19,0,0
BRDA:103,19,1,0
BRDA:120,20,0,0
BRDA:120,20,1,0
BRDA:149,21,0,0
BRDA:149,21,1,0
BRDA:172,22,0,0
BRDA:172,22,1,0
BRDA:183,23,0,0
BRDA:183,23,1,0
BRDA:223,24,0,0
BRDA:223,24,1,0
BRDA:228,25,0,0
BRDA:228,25,1,0
BRF:52
BRH:0
end_of_record
TN:
SF:controllers/productViewController.ts
FN:4,(anonymous_1)
FN:10,(anonymous_2)
FNF:2
FNH:0
FNDA:0,(anonymous_1)
FNDA:0,(anonymous_2)
DA:2,1
DA:4,1
DA:5,0
DA:6,0
DA:7,0
DA:10,1
DA:11,0
DA:12,0
DA:13,0
LF:9
LH:3
BRF:0
BRH:0
end_of_record
TN:
SF:controllers/recommendationController.ts
FN:7,(anonymous_1)
FN:15,(anonymous_2)
FN:16,(anonymous_3)
FN:23,(anonymous_4)
FN:24,(anonymous_5)
FN:32,(anonymous_6)
FN:34,(anonymous_7)
FN:42,(anonymous_8)
FN:50,(anonymous_9)
FN:51,(anonymous_10)
FN:59,(anonymous_11)
FN:61,(anonymous_12)
FN:69,(anonymous_13)
FN:77,(anonymous_14)
FN:83,(anonymous_15)
FN:84,(anonymous_16)
FN:92,(anonymous_17)
FN:94,(anonymous_18)
FNF:18
FNH:0
FNDA:0,(anonymous_1)
FNDA:0,(anonymous_2)
FNDA:0,(anonymous_3)
FNDA:0,(anonymous_4)
FNDA:0,(anonymous_5)
FNDA:0,(anonymous_6)
FNDA:0,(anonymous_7)
FNDA:0,(anonymous_8)
FNDA:0,(anonymous_9)
FNDA:0,(anonymous_10)
FNDA:0,(anonymous_11)
FNDA:0,(anonymous_12)
FNDA:0,(anonymous_13)
FNDA:0,(anonymous_14)
FNDA:0,(anonymous_15)
FNDA:0,(anonymous_16)
FNDA:0,(anonymous_17)
FNDA:0,(anonymous_18)
DA:2,1
DA:3,1
DA:4,1
DA:5,1
DA:7,1
DA:8,0
DA:9,0
DA:12,0
DA:15,0
DA:16,0
DA:20,0
DA:23,0
DA:24,0
DA:25,0
DA:27,0
DA:31,0
DA:32,0
DA:34,0
DA:36,0
DA:38,0
DA:42,1
DA:43,0
DA:44,0
DA:47,0
DA:50,0
DA:51,0
DA:52,0
DA:54,0
DA:58,0
DA:59,0
DA:61,0
DA:63,0
DA:65,0
DA:69,1
DA:70,0
DA:71,0
DA:74,0
DA:77,0
DA:80,0
DA:83,0
DA:84,0
DA:85,0
DA:87,0
DA:91,0
DA:92,0
DA:94,0
DA:96,0
DA:98,0
LF:48
LH:7
BRDA:25,0,0,0
BRDA:25,0,1,0
BRDA:52,1,0,0
BRDA:52,1,1,0
BRDA:85,2,0,0
BRDA:85,2,1,0
BRF:6
BRH:0
end_of_record
TN:
SF:controllers/userController.ts
FN:8,(anonymous_1)
FN:17,(anonymous_2)
FN:44,(anonymous_3)
FN:77,(anonymous_4)
FNF:4
FNH:0
FNDA:0,(anonymous_1)
FNDA:0,(anonymous_2)
FNDA:0,(anonymous_3)
FNDA:0,(anonymous_4)
DA:1,1
DA:3,1
DA:4,1
DA:6,1
DA:8,1
DA:9,0
DA:10,0
DA:11,0
DA:13,0
DA:17,1
DA:18,0
DA:19,0
DA:21,0
DA:22,0
DA:25,0
DA:26,0
DA:28,0
DA:36,0
DA:38,0
DA:40,0
DA:44,1
DA:45,0
DA:46,0
DA:48,0
DA:49,0
DA:52,0
DA:54,0
DA:55,0
DA:56,0
DA:57,0
DA:58,0
DA:59,0
DA:61,0
DA:67,0
DA:68,0
DA:71,0
DA:73,0
DA:77,1
DA:78,0
DA:79,0
DA:81,0
DA:82,0
DA:85,0
DA:86,0
DA:87,0
DA:90,0
DA:92,0
LF:47
LH:8
BRDA:21,0,0,0
BRDA:21,0,1,0
BRDA:26,1,0,0
BRDA:26,1,1,0
BRDA:48,2,0,0
BRDA:48,2,1,0
BRDA:55,3,0,0
BRDA:55,3,1,0
BRDA:56,4,0,0
BRDA:56,4,1,0
BRDA:57,5,0,0
BRDA:57,5,1,0
BRDA:58,6,0,0
BRDA:58,6,1,0
BRDA:59,7,0,0
BRDA:59,7,1,0
BRDA:67,8,0,0
BRDA:67,8,1,0
BRDA:81,9,0,0
BRDA:81,9,1,0
BRDA:86,10,0,0
BRDA:86,10,1,0
BRF:22
BRH:0
end_of_record
TN:
SF:models/Address.ts
FNF:0
FNH:0
DA:1,1
DA:15,1
DA:27,1
LF:3
LH:3
BRF:0
BRH:0
end_of_record
TN:
SF:models/Category.ts
FNF:0
FNH:0
DA:1,1
DA:10,1
DA:17,1
LF:3
LH:3
BRF:0
BRH:0
end_of_record
TN:
SF:models/Custom.ts
FNF:0
FNH:0
DA:1,1
DA:10,1
DA:17,1
LF:3
LH:3
BRF:0
BRH:0
end_of_record
TN:
SF:models/Image.ts
FNF:0
FNH:0
DA:1,1
DA:9,1
DA:15,1
LF:3
LH:3
BRF:0
BRH:0
end_of_record
TN:
SF:models/Order.ts
FNF:0
FNH:0
DA:1,1
DA:35,1
DA:46,1
LF:3
LH:3
BRF:0
BRH:0
end_of_record
TN:
SF:models/Product.js
FNF:0
FNH:0
DA:2,1
DA:3,1
DA:4,1
DA:11,1
LF:4
LH:4
BRF:0
BRH:0
end_of_record
TN:
SF:models/ProductView.ts
FNF:0
FNH:0
DA:1,1
DA:9,1
DA:15,1
LF:3
LH:3
BRF:0
BRH:0
end_of_record
TN:
SF:models/User.ts
FNF:0
FNH:0
DA:1,1
DA:13,1
DA:23,1
LF:3
LH:3
BRF:0
BRH:0
end_of_record
TN:
SF:routes/addressRoutes.ts
FNF:0
FNH:0
DA:1,1
DA:3,1
DA:11,1
DA:13,1
DA:14,1
DA:15,1
DA:16,1
DA:17,1
DA:19,1
LF:9
LH:9
BRF:0
BRH:0
end_of_record
TN:
SF:routes/analyticsRoutes.ts
FNF:0
FNH:0
DA:1,1
DA:2,1
DA:4,1
DA:6,1
DA:8,1
LF:5
LH:5
BRF:0
BRH:0
end_of_record
TN:
SF:routes/authRoutes.ts
FNF:0
FNH:0
DA:1,1
DA:2,1
DA:4,1
DA:6,1
DA:8,1
LF:5
LH:5
BRF:0
BRH:0
end_of_record
TN:
SF:routes/categoryRoutes.ts
FNF:0
FNH:0
DA:1,1
DA:3,1
DA:5,1
DA:7,1
DA:8,1
DA:10,1
LF:6
LH:6
BRF:0
BRH:0
end_of_record
TN:
SF:routes/customRoutes.ts
FNF:0
FNH:0
DA:1,1
DA:2,1
DA:4,1
DA:6,1
DA:7,1
DA:8,1
DA:10,1
LF:7
LH:7
BRF:0
BRH:0
end_of_record
TN:
SF:routes/generalRoutes.ts
FNF:0
FNH:0
DA:1,1
DA:3,1
DA:5,1
DA:7,1
DA:8,1
DA:11,1
LF:6
LH:6
BRF:0
BRH:0
end_of_record
TN:
SF:routes/imageRoutes.ts
FNF:0
FNH:0
DA:1,1
DA:3,1
DA:5,1
DA:7,1
DA:8,1
DA:10,1
DA:11,1
DA:12,1
DA:14,1
LF:9
LH:9
BRF:0
BRH:0
end_of_record
TN:
SF:routes/index.ts
FN:1,(anonymous_1)
FN:2,(anonymous_2)
FN:3,(anonymous_3)
FN:4,(anonymous_4)
FN:5,(anonymous_5)
FN:6,(anonymous_6)
FN:7,(anonymous_7)
FN:8,(anonymous_8)
FN:9,(anonymous_9)
FN:10,(anonymous_10)
FN:11,(anonymous_11)
FN:12,(anonymous_12)
FNF:12
FNH:12
FNDA:1,(anonymous_1)
FNDA:1,(anonymous_2)
FNDA:1,(anonymous_3)
FNDA:1,(anonymous_4)
FNDA:1,(anonymous_5)
FNDA:1,(anonymous_6)
FNDA:1,(anonymous_7)
FNDA:1,(anonymous_8)
FNDA:1,(anonymous_9)
FNDA:1,(anonymous_10)
FNDA:1,(anonymous_11)
FNDA:1,(anonymous_12)
DA:1,2
DA:2,2
DA:3,2
DA:4,2
DA:5,2
DA:6,2
DA:7,2
DA:8,2
DA:9,2
DA:10,2
DA:11,2
DA:12,2
LF:12
LH:12
BRF:0
BRH:0
end_of_record
TN:
SF:routes/orderRoutes.ts
FNF:0
FNH:0
DA:1,1
DA:2,1
DA:4,1
DA:6,1
DA:7,1
DA:8,1
DA:9,1
DA:10,1
DA:12,1
LF:9
LH:9
BRF:0
BRH:0
end_of_record
TN:
SF:routes/productRoutes.ts
FNF:0
FNH:0
DA:1,1
DA:3,1
DA:13,1
DA:15,1
DA:16,1
DA:17,1
DA:18,1
DA:19,1
DA:20,1
DA:22,1
LF:10
LH:10
BRF:0
BRH:0
end_of_record
TN:
SF:routes/productViewRoutes.ts
FNF:0
FNH:0
DA:1,1
DA:2,1
DA:4,1
DA:6,1
DA:7,1
DA:9,1
LF:6
LH:6
BRF:0
BRH:0
end_of_record
TN:
SF:routes/recommendationRoutes.ts
FNF:0
FNH:0
DA:1,1
DA:3,1
DA:5,1
DA:7,1
DA:8,1
DA:9,1
DA:11,1
LF:7
LH:7
BRF:0
BRH:0
end_of_record
TN:
SF:routes/userRoutes.ts
FNF:0
FNH:0
DA:1,1
DA:3,1
DA:5,1
DA:7,1
DA:8,1
DA:9,1
DA:10,1
DA:12,1
LF:8
LH:8
BRF:0
BRH:0
end_of_record
TN:
SF:utils/errors.ts
FN:4,(anonymous_0)
FN:13,(anonymous_1)
FN:19,(anonymous_2)
FN:25,(anonymous_3)
FN:31,(anonymous_4)
FN:37,(anonymous_5)
FN:43,(anonymous_6)
FNF:7
FNH:2
FNDA:2,(anonymous_0)
FNDA:2,(anonymous_1)
FNDA:0,(anonymous_2)
FNDA:0,(anonymous_3)
FNDA:0,(anonymous_4)
FNDA:0,(anonymous_5)
FNDA:0,(anonymous_6)
DA:1,1
DA:5,2
DA:6,2
DA:7,2
DA:8,2
DA:12,1
DA:14,2
DA:18,1
DA:20,0
DA:24,1
DA:26,0
DA:30,1
DA:32,0
DA:36,1
DA:38,0
DA:42,1
DA:44,0
LF:17
LH:12
BRDA:13,0,0,0
BRDA:19,1,0,0
BRDA:25,2,0,0
BRDA:31,3,0,0
BRDA:37,4,0,0
BRDA:43,5,0,0
BRF:6
BRH:0
end_of_record
TN:
SF:utils/index.ts
FNF:0
FNH:0
DA:1,1
LF:1
LH:1
BRF:0
BRH:0
end_of_record
